{"C:\\Users\\joses\\solvd.laba.aliasProject\\src\\app.ts": {"path":"C:\\Users\\joses\\solvd.laba.aliasProject\\src\\app.ts","statementMap":{"0":{"start":{"line":1,"column":0},"end":{"line":1,"column":30}},"1":{"start":{"line":2,"column":0},"end":{"line":2,"column":41}},"2":{"start":{"line":3,"column":0},"end":{"line":3,"column":39}},"3":{"start":{"line":4,"column":0},"end":{"line":4,"column":35}},"4":{"start":{"line":5,"column":0},"end":{"line":5,"column":24}},"5":{"start":{"line":6,"column":0},"end":{"line":6,"column":61}},"6":{"start":{"line":7,"column":0},"end":{"line":7,"column":45}},"7":{"start":{"line":8,"column":0},"end":{"line":8,"column":45}},"8":{"start":{"line":9,"column":0},"end":{"line":9,"column":86}},"9":{"start":{"line":10,"column":0},"end":{"line":10,"column":70}},"10":{"start":{"line":11,"column":0},"end":{"line":11,"column":61}},"11":{"start":{"line":12,"column":0},"end":{"line":12,"column":23}},"12":{"start":{"line":13,"column":0},"end":{"line":13,"column":59}},"13":{"start":{"line":15,"column":12},"end":{"line":15,"column":21}},"14":{"start":{"line":17,"column":0},"end":{"line":17,"column":24}},"15":{"start":{"line":18,"column":0},"end":{"line":18,"column":49}},"16":{"start":{"line":20,"column":0},"end":{"line":20,"column":26}},"17":{"start":{"line":21,"column":0},"end":{"line":21,"column":29}},"18":{"start":{"line":22,"column":0},"end":{"line":22,"column":29}},"19":{"start":{"line":23,"column":0},"end":{"line":23,"column":48}},"20":{"start":{"line":24,"column":0},"end":{"line":24,"column":26}},"21":{"start":{"line":25,"column":0},"end":{"line":25,"column":29}},"22":{"start":{"line":27,"column":13},"end":{"line":27,"column":45}},"23":{"start":{"line":29,"column":0},"end":{"line":29,"column":29}},"24":{"start":{"line":30,"column":0},"end":{"line":30,"column":48}},"25":{"start":{"line":32,"column":0},"end":{"line":32,"column":29}},"26":{"start":{"line":34,"column":13},"end":{"line":34,"column":45}},"27":{"start":{"line":36,"column":11},"end":{"line":36,"column":29}},"28":{"start":{"line":38,"column":0},"end":{"line":38,"column":19}},"29":{"start":{"line":39,"column":0},"end":{"line":39,"column":14}},"30":{"start":{"line":40,"column":0},"end":{"line":40,"column":14}},"31":{"start":{"line":42,"column":0},"end":{"line":44,"column":3}},"32":{"start":{"line":43,"column":2},"end":{"line":43,"column":63}}},"fnMap":{"0":{"name":"(anonymous_1)","decl":{"start":{"line":42,"column":20},"end":{"line":42,"column":23}},"loc":{"start":{"line":42,"column":25},"end":{"line":44,"column":1}}}},"branchMap":{"0":{"loc":{"start":{"line":27,"column":13},"end":{"line":27,"column":45}},"type":"binary-expr","locations":[{"start":{"line":27,"column":13},"end":{"line":27,"column":37}},{"start":{"line":27,"column":41},"end":{"line":27,"column":45}}]}},"s":{"0":4,"1":4,"2":4,"3":4,"4":4,"5":4,"6":4,"7":4,"8":4,"9":4,"10":4,"11":4,"12":4,"13":4,"14":4,"15":4,"16":4,"17":4,"18":4,"19":4,"20":4,"21":4,"22":4,"23":4,"24":4,"25":4,"26":4,"27":4,"28":4,"29":4,"30":4,"31":4,"32":4},"f":{"0":4},"b":{"0":[4,0]}}
,"C:\\Users\\joses\\solvd.laba.aliasProject\\src\\controllers\\chatMessageController.ts": {"path":"C:\\Users\\joses\\solvd.laba.aliasProject\\src\\controllers\\chatMessageController.ts","statementMap":{"0":{"start":{"line":2,"column":0},"end":{"line":2,"column":88}},"1":{"start":{"line":11,"column":2},"end":{"line":22,"column":4}},"2":{"start":{"line":15,"column":21},"end":{"line":22,"column":4}},"3":{"start":{"line":16,"column":4},"end":{"line":21,"column":5}},"4":{"start":{"line":17,"column":29},"end":{"line":17,"column":75}},"5":{"start":{"line":18,"column":6},"end":{"line":18,"column":43}},"6":{"start":{"line":20,"column":6},"end":{"line":20,"column":18}},"7":{"start":{"line":25,"column":2},"end":{"line":36,"column":4}},"8":{"start":{"line":29,"column":21},"end":{"line":36,"column":4}},"9":{"start":{"line":30,"column":4},"end":{"line":35,"column":5}},"10":{"start":{"line":31,"column":27},"end":{"line":31,"column":82}},"11":{"start":{"line":32,"column":6},"end":{"line":32,"column":41}},"12":{"start":{"line":34,"column":6},"end":{"line":34,"column":18}},"13":{"start":{"line":38,"column":2},"end":{"line":49,"column":null}},"14":{"start":{"line":42,"column":22},"end":{"line":49,"column":null}},"15":{"start":{"line":43,"column":4},"end":{"line":48,"column":5}},"16":{"start":{"line":44,"column":28},"end":{"line":44,"column":66}},"17":{"start":{"line":45,"column":6},"end":{"line":45,"column":42}},"18":{"start":{"line":47,"column":6},"end":{"line":47,"column":18}},"19":{"start":{"line":51,"column":2},"end":{"line":62,"column":null}},"20":{"start":{"line":55,"column":22},"end":{"line":62,"column":null}},"21":{"start":{"line":56,"column":4},"end":{"line":61,"column":5}},"22":{"start":{"line":57,"column":36},"end":{"line":57,"column":97}},"23":{"start":{"line":58,"column":6},"end":{"line":58,"column":50}},"24":{"start":{"line":60,"column":6},"end":{"line":60,"column":18}},"25":{"start":{"line":8,"column":4},"end":{"line":8,"column":49}},"26":{"start":{"line":65,"column":0},"end":{"line":65,"column":61}}},"fnMap":{"0":{"name":"(anonymous_8)","decl":{"start":{"line":7,"column":2},"end":{"line":7,"column":14}},"loc":{"start":{"line":7,"column":52},"end":{"line":9,"column":3}}},"1":{"name":"(anonymous_9)","decl":{"start":{"line":11,"column":11},"end":{"line":11,"column":null}},"loc":{"start":{"line":15,"column":21},"end":{"line":22,"column":4}}},"2":{"name":"(anonymous_10)","decl":{"start":{"line":15,"column":21},"end":{"line":15,"column":null}},"loc":{"start":{"line":15,"column":21},"end":{"line":22,"column":3}}},"3":{"name":"(anonymous_11)","decl":{"start":{"line":25,"column":8},"end":{"line":25,"column":null}},"loc":{"start":{"line":29,"column":21},"end":{"line":36,"column":4}}},"4":{"name":"(anonymous_12)","decl":{"start":{"line":29,"column":21},"end":{"line":29,"column":null}},"loc":{"start":{"line":29,"column":21},"end":{"line":36,"column":3}}},"5":{"name":"(anonymous_13)","decl":{"start":{"line":38,"column":11},"end":{"line":38,"column":null}},"loc":{"start":{"line":42,"column":22},"end":{"line":49,"column":null}}},"6":{"name":"(anonymous_14)","decl":{"start":{"line":42,"column":22},"end":{"line":42,"column":null}},"loc":{"start":{"line":42,"column":22},"end":{"line":49,"column":3}}},"7":{"name":"(anonymous_15)","decl":{"start":{"line":51,"column":16},"end":{"line":51,"column":null}},"loc":{"start":{"line":55,"column":22},"end":{"line":62,"column":null}}},"8":{"name":"(anonymous_16)","decl":{"start":{"line":55,"column":22},"end":{"line":55,"column":null}},"loc":{"start":{"line":55,"column":22},"end":{"line":62,"column":3}}}},"branchMap":{},"s":{"0":5,"1":5,"2":2,"3":2,"4":2,"5":1,"6":1,"7":5,"8":2,"9":2,"10":2,"11":1,"12":1,"13":5,"14":2,"15":2,"16":2,"17":1,"18":1,"19":5,"20":2,"21":2,"22":2,"23":1,"24":1,"25":5,"26":5},"f":{"0":5,"1":2,"2":2,"3":2,"4":2,"5":2,"6":2,"7":2,"8":2},"b":{}}
,"C:\\Users\\joses\\solvd.laba.aliasProject\\src\\controllers\\roomController.ts": {"path":"C:\\Users\\joses\\solvd.laba.aliasProject\\src\\controllers\\roomController.ts","statementMap":{"0":{"start":{"line":3,"column":0},"end":{"line":3,"column":50}},"1":{"start":{"line":5,"column":0},"end":{"line":5,"column":53}},"2":{"start":{"line":17,"column":2},"end":{"line":31,"column":4}},"3":{"start":{"line":21,"column":21},"end":{"line":31,"column":4}},"4":{"start":{"line":22,"column":4},"end":{"line":30,"column":5}},"5":{"start":{"line":23,"column":26},"end":{"line":25,"column":null}},"6":{"start":{"line":27,"column":6},"end":{"line":27,"column":40}},"7":{"start":{"line":29,"column":6},"end":{"line":29,"column":18}},"8":{"start":{"line":36,"column":2},"end":{"line":48,"column":4}},"9":{"start":{"line":40,"column":21},"end":{"line":48,"column":4}},"10":{"start":{"line":41,"column":4},"end":{"line":47,"column":5}},"11":{"start":{"line":42,"column":30},"end":{"line":42,"column":71}},"12":{"start":{"line":44,"column":6},"end":{"line":44,"column":44}},"13":{"start":{"line":46,"column":6},"end":{"line":46,"column":18}},"14":{"start":{"line":50,"column":2},"end":{"line":61,"column":4}},"15":{"start":{"line":54,"column":21},"end":{"line":61,"column":4}},"16":{"start":{"line":55,"column":4},"end":{"line":60,"column":5}},"17":{"start":{"line":56,"column":31},"end":{"line":56,"column":62}},"18":{"start":{"line":57,"column":6},"end":{"line":57,"column":45}},"19":{"start":{"line":59,"column":6},"end":{"line":59,"column":18}},"20":{"start":{"line":66,"column":2},"end":{"line":81,"column":4}},"21":{"start":{"line":66,"column":67},"end":{"line":81,"column":4}},"22":{"start":{"line":67,"column":4},"end":{"line":80,"column":5}},"23":{"start":{"line":68,"column":42},"end":{"line":71,"column":8}},"24":{"start":{"line":73,"column":25},"end":{"line":75,"column":null}},"25":{"start":{"line":77,"column":6},"end":{"line":77,"column":39}},"26":{"start":{"line":79,"column":6},"end":{"line":79,"column":18}},"27":{"start":{"line":83,"column":2},"end":{"line":109,"column":4}},"28":{"start":{"line":83,"column":74},"end":{"line":109,"column":4}},"29":{"start":{"line":84,"column":19},"end":{"line":84,"column":36}},"30":{"start":{"line":85,"column":18},"end":{"line":85,"column":42}},"31":{"start":{"line":86,"column":23},"end":{"line":86,"column":56}},"32":{"start":{"line":87,"column":18},"end":{"line":87,"column":47}},"33":{"start":{"line":89,"column":4},"end":{"line":108,"column":5}},"34":{"start":{"line":90,"column":6},"end":{"line":91,"column":53}},"35":{"start":{"line":91,"column":8},"end":{"line":91,"column":53}},"36":{"start":{"line":93,"column":6},"end":{"line":94,"column":68}},"37":{"start":{"line":94,"column":8},"end":{"line":94,"column":68}},"38":{"start":{"line":96,"column":6},"end":{"line":97,"column":72}},"39":{"start":{"line":97,"column":8},"end":{"line":97,"column":72}},"40":{"start":{"line":99,"column":20},"end":{"line":103,"column":null}},"41":{"start":{"line":105,"column":6},"end":{"line":105,"column":34}},"42":{"start":{"line":107,"column":6},"end":{"line":107,"column":18}},"43":{"start":{"line":11,"column":4},"end":{"line":11,"column":35}},"44":{"start":{"line":112,"column":0},"end":{"line":112,"column":47}}},"fnMap":{"0":{"name":"(anonymous_8)","decl":{"start":{"line":10,"column":2},"end":{"line":10,"column":14}},"loc":{"start":{"line":10,"column":38},"end":{"line":12,"column":3}}},"1":{"name":"(anonymous_9)","decl":{"start":{"line":17,"column":11},"end":{"line":17,"column":null}},"loc":{"start":{"line":21,"column":21},"end":{"line":31,"column":4}}},"2":{"name":"(anonymous_10)","decl":{"start":{"line":21,"column":21},"end":{"line":21,"column":null}},"loc":{"start":{"line":21,"column":21},"end":{"line":31,"column":3}}},"3":{"name":"(anonymous_11)","decl":{"start":{"line":36,"column":8},"end":{"line":36,"column":null}},"loc":{"start":{"line":40,"column":21},"end":{"line":48,"column":4}}},"4":{"name":"(anonymous_12)","decl":{"start":{"line":40,"column":21},"end":{"line":40,"column":null}},"loc":{"start":{"line":40,"column":21},"end":{"line":48,"column":3}}},"5":{"name":"(anonymous_13)","decl":{"start":{"line":50,"column":11},"end":{"line":50,"column":null}},"loc":{"start":{"line":54,"column":21},"end":{"line":61,"column":4}}},"6":{"name":"(anonymous_14)","decl":{"start":{"line":54,"column":21},"end":{"line":54,"column":null}},"loc":{"start":{"line":54,"column":21},"end":{"line":61,"column":3}}},"7":{"name":"(anonymous_15)","decl":{"start":{"line":66,"column":9},"end":{"line":66,"column":16}},"loc":{"start":{"line":66,"column":67},"end":{"line":81,"column":4}}},"8":{"name":"(anonymous_16)","decl":{"start":{"line":66,"column":67},"end":{"line":66,"column":null}},"loc":{"start":{"line":66,"column":67},"end":{"line":81,"column":3}}},"9":{"name":"(anonymous_17)","decl":{"start":{"line":83,"column":16},"end":{"line":83,"column":23}},"loc":{"start":{"line":83,"column":74},"end":{"line":109,"column":4}}},"10":{"name":"(anonymous_18)","decl":{"start":{"line":83,"column":74},"end":{"line":83,"column":null}},"loc":{"start":{"line":83,"column":74},"end":{"line":109,"column":3}}}},"branchMap":{"0":{"loc":{"start":{"line":85,"column":18},"end":{"line":85,"column":42}},"type":"binary-expr","locations":[{"start":{"line":85,"column":18},"end":{"line":85,"column":33}},{"start":{"line":85,"column":37},"end":{"line":85,"column":42}}]},"1":{"loc":{"start":{"line":86,"column":23},"end":{"line":86,"column":56}},"type":"binary-expr","locations":[{"start":{"line":86,"column":23},"end":{"line":86,"column":51}},{"start":{"line":86,"column":55},"end":{"line":86,"column":56}}]},"2":{"loc":{"start":{"line":87,"column":18},"end":{"line":87,"column":47}},"type":"binary-expr","locations":[{"start":{"line":87,"column":18},"end":{"line":87,"column":41}},{"start":{"line":87,"column":45},"end":{"line":87,"column":47}}]},"3":{"loc":{"start":{"line":90,"column":6},"end":{"line":91,"column":53}},"type":"if","locations":[{"start":{"line":90,"column":6},"end":{"line":91,"column":53}}]},"4":{"loc":{"start":{"line":93,"column":6},"end":{"line":94,"column":68}},"type":"if","locations":[{"start":{"line":93,"column":6},"end":{"line":94,"column":68}}]},"5":{"loc":{"start":{"line":93,"column":12},"end":{"line":93,"column":45}},"type":"binary-expr","locations":[{"start":{"line":93,"column":12},"end":{"line":93,"column":26}},{"start":{"line":93,"column":30},"end":{"line":93,"column":45}}]},"6":{"loc":{"start":{"line":96,"column":6},"end":{"line":97,"column":72}},"type":"if","locations":[{"start":{"line":96,"column":6},"end":{"line":97,"column":72}}]},"7":{"loc":{"start":{"line":96,"column":10},"end":{"line":96,"column":45}},"type":"binary-expr","locations":[{"start":{"line":96,"column":10},"end":{"line":96,"column":28}},{"start":{"line":96,"column":32},"end":{"line":96,"column":45}}]}},"s":{"0":4,"1":4,"2":4,"3":4,"4":4,"5":4,"6":4,"7":0,"8":4,"9":3,"10":3,"11":3,"12":2,"13":1,"14":4,"15":1,"16":1,"17":1,"18":1,"19":0,"20":4,"21":6,"22":6,"23":6,"24":6,"25":6,"26":0,"27":4,"28":4,"29":4,"30":4,"31":4,"32":4,"33":4,"34":4,"35":0,"36":4,"37":1,"38":3,"39":2,"40":1,"41":1,"42":3,"43":4,"44":4},"f":{"0":4,"1":4,"2":4,"3":3,"4":3,"5":1,"6":1,"7":6,"8":6,"9":4,"10":4},"b":{"0":[4,3],"1":[4,3],"2":[4,3],"3":[0],"4":[1],"5":[4,1],"6":[2],"7":[3,2]}}
,"C:\\Users\\joses\\solvd.laba.aliasProject\\src\\controllers\\userController.ts": {"path":"C:\\Users\\joses\\solvd.laba.aliasProject\\src\\controllers\\userController.ts","statementMap":{"0":{"start":{"line":1,"column":0},"end":{"line":1,"column":80}},"1":{"start":{"line":4,"column":0},"end":{"line":4,"column":53}},"2":{"start":{"line":6,"column":28},"end":{"line":21,"column":2}},"3":{"start":{"line":10,"column":4},"end":{"line":21,"column":2}},"4":{"start":{"line":11,"column":17},"end":{"line":11,"column":38}},"5":{"start":{"line":12,"column":2},"end":{"line":13,"column":60}},"6":{"start":{"line":13,"column":4},"end":{"line":13,"column":60}},"7":{"start":{"line":14,"column":2},"end":{"line":20,"column":3}},"8":{"start":{"line":15,"column":30},"end":{"line":15,"column":38}},"9":{"start":{"line":16,"column":17},"end":{"line":16,"column":52}},"10":{"start":{"line":17,"column":4},"end":{"line":17,"column":30}},"11":{"start":{"line":19,"column":4},"end":{"line":19,"column":16}},"12":{"start":{"line":6,"column":13},"end":{"line":6,"column":28}},"13":{"start":{"line":23,"column":25},"end":{"line":38,"column":2}},"14":{"start":{"line":27,"column":4},"end":{"line":38,"column":2}},"15":{"start":{"line":28,"column":17},"end":{"line":28,"column":38}},"16":{"start":{"line":29,"column":2},"end":{"line":30,"column":60}},"17":{"start":{"line":30,"column":4},"end":{"line":30,"column":60}},"18":{"start":{"line":31,"column":2},"end":{"line":37,"column":3}},"19":{"start":{"line":32,"column":32},"end":{"line":32,"column":40}},"20":{"start":{"line":33,"column":18},"end":{"line":33,"column":57}},"21":{"start":{"line":34,"column":4},"end":{"line":34,"column":31}},"22":{"start":{"line":36,"column":4},"end":{"line":36,"column":16}},"23":{"start":{"line":23,"column":13},"end":{"line":23,"column":25}}},"fnMap":{"0":{"name":"(anonymous_7)","decl":{"start":{"line":6,"column":28},"end":{"line":6,"column":null}},"loc":{"start":{"line":10,"column":4},"end":{"line":21,"column":2}}},"1":{"name":"(anonymous_8)","decl":{"start":{"line":10,"column":4},"end":{"line":10,"column":null}},"loc":{"start":{"line":10,"column":4},"end":{"line":21,"column":1}}},"2":{"name":"(anonymous_9)","decl":{"start":{"line":23,"column":25},"end":{"line":23,"column":null}},"loc":{"start":{"line":27,"column":4},"end":{"line":38,"column":2}}},"3":{"name":"(anonymous_10)","decl":{"start":{"line":27,"column":4},"end":{"line":27,"column":null}},"loc":{"start":{"line":27,"column":4},"end":{"line":38,"column":1}}}},"branchMap":{"0":{"loc":{"start":{"line":12,"column":2},"end":{"line":13,"column":60}},"type":"if","locations":[{"start":{"line":12,"column":2},"end":{"line":13,"column":60}}]},"1":{"loc":{"start":{"line":29,"column":2},"end":{"line":30,"column":60}},"type":"if","locations":[{"start":{"line":29,"column":2},"end":{"line":30,"column":60}}]}},"s":{"0":4,"1":4,"2":4,"3":7,"4":7,"5":7,"6":1,"7":6,"8":6,"9":6,"10":6,"11":0,"12":4,"13":4,"14":7,"15":7,"16":7,"17":0,"18":7,"19":7,"20":7,"21":6,"22":1,"23":4},"f":{"0":7,"1":7,"2":7,"3":7},"b":{"0":[1],"1":[0]}}
,"C:\\Users\\joses\\solvd.laba.aliasProject\\src\\db\\couchDb.ts": {"path":"C:\\Users\\joses\\solvd.laba.aliasProject\\src\\db\\couchDb.ts","statementMap":{"0":{"start":{"line":1,"column":0},"end":{"line":1,"column":24}},"1":{"start":{"line":2,"column":0},"end":{"line":2,"column":23}},"2":{"start":{"line":5,"column":2},"end":{"line":7,"column":77}},"3":{"start":{"line":9,"column":14},"end":{"line":9,"column":30}},"4":{"start":{"line":11,"column":18},"end":{"line":15,"column":2}},"5":{"start":{"line":34,"column":9},"end":{"line":34,"column":18}},"6":{"start":{"line":18,"column":19},"end":{"line":24,"column":4}},"7":{"start":{"line":19,"column":4},"end":{"line":23,"column":5}},"8":{"start":{"line":20,"column":6},"end":{"line":20,"column":19}},"9":{"start":{"line":22,"column":6},"end":{"line":22,"column":16}},"10":{"start":{"line":26,"column":2},"end":{"line":29,"column":3}},"11":{"start":{"line":28,"column":4},"end":{"line":28,"column":34}},"12":{"start":{"line":31,"column":2},"end":{"line":31,"column":27}}},"fnMap":{"0":{"name":"createDatabase","decl":{"start":{"line":17,"column":15},"end":{"line":17,"column":29}},"loc":{"start":{"line":17,"column":44},"end":{"line":32,"column":null}}},"1":{"name":"(anonymous_10)","decl":{"start":{"line":18,"column":52},"end":{"line":18,"column":53}},"loc":{"start":{"line":18,"column":60},"end":{"line":24,"column":3}}}},"branchMap":{"0":{"loc":{"start":{"line":5,"column":2},"end":{"line":7,"column":77}},"type":"binary-expr","locations":[{"start":{"line":5,"column":3},"end":{"line":7,"column":37}},{"start":{"line":7,"column":42},"end":{"line":7,"column":77}}]},"1":{"loc":{"start":{"line":5,"column":3},"end":{"line":7,"column":37}},"type":"cond-expr","locations":[{"start":{"line":6,"column":6},"end":{"line":6,"column":30}},{"start":{"line":7,"column":6},"end":{"line":7,"column":37}}]},"2":{"loc":{"start":{"line":5,"column":3},"end":{"line":5,"column":66}},"type":"binary-expr","locations":[{"start":{"line":5,"column":3},"end":{"line":5,"column":32}},{"start":{"line":5,"column":36},"end":{"line":5,"column":66}}]},"3":{"loc":{"start":{"line":19,"column":4},"end":{"line":23,"column":5}},"type":"if","locations":[{"start":{"line":19,"column":4},"end":{"line":23,"column":5}},{"start":{"line":21,"column":11},"end":{"line":23,"column":5}}]},"4":{"loc":{"start":{"line":26,"column":2},"end":{"line":29,"column":3}},"type":"if","locations":[{"start":{"line":26,"column":2},"end":{"line":29,"column":3}}]}},"s":{"0":6,"1":6,"2":6,"3":6,"4":6,"5":6,"6":18,"7":3,"8":3,"9":0,"10":12,"11":3,"12":12},"f":{"0":18,"1":3},"b":{"0":[6,0],"1":[6,0],"2":[6,6],"3":[3,0],"4":[3]}}
,"C:\\Users\\joses\\solvd.laba.aliasProject\\src\\dtos\\GameRoomDto.ts": {"path":"C:\\Users\\joses\\solvd.laba.aliasProject\\src\\dtos\\GameRoomDto.ts","statementMap":{"0":{"start":{"line":25,"column":4},"end":{"line":25,"column":60}},"1":{"start":{"line":26,"column":4},"end":{"line":26,"column":40}},"2":{"start":{"line":27,"column":4},"end":{"line":27,"column":46}},"3":{"start":{"line":28,"column":4},"end":{"line":28,"column":22}},"4":{"start":{"line":29,"column":4},"end":{"line":29,"column":26}},"5":{"start":{"line":30,"column":4},"end":{"line":30,"column":31}},"6":{"start":{"line":31,"column":4},"end":{"line":31,"column":31}},"7":{"start":{"line":32,"column":4},"end":{"line":32,"column":31}},"8":{"start":{"line":33,"column":4},"end":{"line":33,"column":27}},"9":{"start":{"line":34,"column":4},"end":{"line":34,"column":27}},"10":{"start":{"line":35,"column":4},"end":{"line":35,"column":25}},"11":{"start":{"line":36,"column":4},"end":{"line":36,"column":25}},"12":{"start":{"line":4,"column":0},"end":{"line":4,"column":13}}},"fnMap":{"0":{"name":"(anonymous_0)","decl":{"start":{"line":18,"column":2},"end":{"line":18,"column":null}},"loc":{"start":{"line":23,"column":21},"end":{"line":37,"column":3}}}},"branchMap":{},"s":{"0":4,"1":4,"2":4,"3":4,"4":4,"5":4,"6":4,"7":4,"8":4,"9":4,"10":4,"11":4,"12":4},"f":{"0":4},"b":{}}
,"C:\\Users\\joses\\solvd.laba.aliasProject\\src\\dtos\\StoredRoom.ts": {"path":"C:\\Users\\joses\\solvd.laba.aliasProject\\src\\dtos\\StoredRoom.ts","statementMap":{"0":{"start":{"line":18,"column":4},"end":{"line":18,"column":60}},"1":{"start":{"line":19,"column":4},"end":{"line":19,"column":40}},"2":{"start":{"line":20,"column":4},"end":{"line":20,"column":46}},"3":{"start":{"line":21,"column":4},"end":{"line":21,"column":28}},"4":{"start":{"line":22,"column":4},"end":{"line":22,"column":30}},"5":{"start":{"line":23,"column":4},"end":{"line":23,"column":40}},"6":{"start":{"line":24,"column":4},"end":{"line":24,"column":40}},"7":{"start":{"line":25,"column":4},"end":{"line":25,"column":40}},"8":{"start":{"line":26,"column":4},"end":{"line":26,"column":46}},"9":{"start":{"line":27,"column":4},"end":{"line":27,"column":46}},"10":{"start":{"line":28,"column":4},"end":{"line":28,"column":44}},"11":{"start":{"line":29,"column":4},"end":{"line":29,"column":44}},"12":{"start":{"line":3,"column":0},"end":{"line":3,"column":13}}},"fnMap":{"0":{"name":"(anonymous_0)","decl":{"start":{"line":17,"column":2},"end":{"line":17,"column":14}},"loc":{"start":{"line":17,"column":33},"end":{"line":30,"column":3}}}},"branchMap":{},"s":{"0":25,"1":24,"2":24,"3":24,"4":24,"5":24,"6":24,"7":24,"8":24,"9":24,"10":24,"11":24,"12":4},"f":{"0":25},"b":{}}
,"C:\\Users\\joses\\solvd.laba.aliasProject\\src\\helpers\\CustomError.ts": {"path":"C:\\Users\\joses\\solvd.laba.aliasProject\\src\\helpers\\CustomError.ts","statementMap":{"0":{"start":{"line":14,"column":4},"end":{"line":14,"column":41}},"1":{"start":{"line":15,"column":4},"end":{"line":15,"column":32}},"2":{"start":{"line":1,"column":0},"end":{"line":1,"column":13}}},"fnMap":{"0":{"name":"(anonymous_0)","decl":{"start":{"line":13,"column":2},"end":{"line":13,"column":14}},"loc":{"start":{"line":13,"column":45},"end":{"line":16,"column":3}}}},"branchMap":{"0":{"loc":{"start":{"line":14,"column":10},"end":{"line":14,"column":39}},"type":"binary-expr","locations":[{"start":{"line":14,"column":10},"end":{"line":14,"column":17}},{"start":{"line":14,"column":21},"end":{"line":14,"column":39}}]},"1":{"loc":{"start":{"line":15,"column":18},"end":{"line":15,"column":31}},"type":"binary-expr","locations":[{"start":{"line":15,"column":18},"end":{"line":15,"column":24}},{"start":{"line":15,"column":28},"end":{"line":15,"column":31}}]}},"s":{"0":8,"1":8,"2":8},"f":{"0":8},"b":{"0":[8,0],"1":[8,0]}}
,"C:\\Users\\joses\\solvd.laba.aliasProject\\src\\helpers\\finishGame.ts": {"path":"C:\\Users\\joses\\solvd.laba.aliasProject\\src\\helpers\\finishGame.ts","statementMap":{"0":{"start":{"line":2,"column":0},"end":{"line":2,"column":67}},"1":{"start":{"line":3,"column":0},"end":{"line":3,"column":55}},"2":{"start":{"line":4,"column":0},"end":{"line":4,"column":51}},"3":{"start":{"line":5,"column":26},"end":{"line":16,"column":1}},"4":{"start":{"line":7,"column":4},"end":{"line":7,"column":128}},"5":{"start":{"line":9,"column":4},"end":{"line":9,"column":32}},"6":{"start":{"line":10,"column":4},"end":{"line":12,"column":5}},"7":{"start":{"line":11,"column":8},"end":{"line":11,"column":31}},"8":{"start":{"line":13,"column":4},"end":{"line":15,"column":5}},"9":{"start":{"line":14,"column":8},"end":{"line":14,"column":31}},"10":{"start":{"line":5,"column":13},"end":{"line":5,"column":26}}},"fnMap":{"0":{"name":"(anonymous_1)","decl":{"start":{"line":5,"column":26},"end":{"line":5,"column":27}},"loc":{"start":{"line":5,"column":51},"end":{"line":16,"column":1}}}},"branchMap":{},"s":{"0":4,"1":4,"2":4,"3":4,"4":0,"5":0,"6":0,"7":0,"8":0,"9":0,"10":4},"f":{"0":0},"b":{}}
,"C:\\Users\\joses\\solvd.laba.aliasProject\\src\\helpers\\getUniqueWord.ts": {"path":"C:\\Users\\joses\\solvd.laba.aliasProject\\src\\helpers\\getUniqueWord.ts","statementMap":{"0":{"start":{"line":1,"column":0},"end":{"line":1,"column":44}},"1":{"start":{"line":2,"column":0},"end":{"line":2,"column":41}},"2":{"start":{"line":12,"column":29},"end":{"line":47,"column":1}},"3":{"start":{"line":13,"column":27},"end":{"line":13,"column":31}},"4":{"start":{"line":14,"column":26},"end":{"line":14,"column":27}},"5":{"start":{"line":16,"column":21},"end":{"line":16,"column":26}},"6":{"start":{"line":18,"column":2},"end":{"line":44,"column":35}},"7":{"start":{"line":20,"column":4},"end":{"line":20,"column":24}},"8":{"start":{"line":21,"column":4},"end":{"line":22,"column":75}},"9":{"start":{"line":22,"column":6},"end":{"line":22,"column":75}},"10":{"start":{"line":25,"column":27},"end":{"line":26,"column":null}},"11":{"start":{"line":30,"column":23},"end":{"line":31,"column":null}},"12":{"start":{"line":34,"column":4},"end":{"line":34,"column":70}},"13":{"start":{"line":37,"column":4},"end":{"line":37,"column":51}},"14":{"start":{"line":37,"column":42},"end":{"line":37,"column":51}},"15":{"start":{"line":40,"column":4},"end":{"line":40,"column":50}},"16":{"start":{"line":40,"column":41},"end":{"line":40,"column":50}},"17":{"start":{"line":43,"column":4},"end":{"line":43,"column":24}},"18":{"start":{"line":46,"column":2},"end":{"line":46,"column":34}},"19":{"start":{"line":12,"column":13},"end":{"line":12,"column":29}}},"fnMap":{"0":{"name":"(anonymous_1)","decl":{"start":{"line":12,"column":29},"end":{"line":12,"column":30}},"loc":{"start":{"line":12,"column":62},"end":{"line":47,"column":1}}}},"branchMap":{"0":{"loc":{"start":{"line":21,"column":4},"end":{"line":22,"column":75}},"type":"if","locations":[{"start":{"line":21,"column":4},"end":{"line":22,"column":75}}]},"1":{"loc":{"start":{"line":37,"column":4},"end":{"line":37,"column":51}},"type":"if","locations":[{"start":{"line":37,"column":4},"end":{"line":37,"column":51}}]},"2":{"loc":{"start":{"line":40,"column":4},"end":{"line":40,"column":50}},"type":"if","locations":[{"start":{"line":40,"column":4},"end":{"line":40,"column":50}}]}},"s":{"0":5,"1":5,"2":5,"3":487,"4":487,"5":487,"6":487,"7":2905,"8":2905,"9":1,"10":2904,"11":2904,"12":2904,"13":2904,"14":251,"15":2653,"16":2167,"17":486,"18":486,"19":5},"f":{"0":487},"b":{"0":[1],"1":[251],"2":[2167]}}
,"C:\\Users\\joses\\solvd.laba.aliasProject\\src\\helpers\\sendNewWordTo.ts": {"path":"C:\\Users\\joses\\solvd.laba.aliasProject\\src\\helpers\\sendNewWordTo.ts","statementMap":{"0":{"start":{"line":3,"column":0},"end":{"line":3,"column":48}},"1":{"start":{"line":4,"column":0},"end":{"line":4,"column":67}},"2":{"start":{"line":7,"column":29},"end":{"line":48,"column":1}},"3":{"start":{"line":13,"column":2},"end":{"line":47,"column":3}},"4":{"start":{"line":16,"column":40},"end":{"line":16,"column":77}},"5":{"start":{"line":18,"column":4},"end":{"line":18,"column":52}},"6":{"start":{"line":22,"column":4},"end":{"line":23,"column":82}},"7":{"start":{"line":23,"column":6},"end":{"line":23,"column":82}},"8":{"start":{"line":27,"column":4},"end":{"line":30,"column":5}},"9":{"start":{"line":28,"column":6},"end":{"line":28,"column":71}},"10":{"start":{"line":29,"column":6},"end":{"line":29,"column":68}},"11":{"start":{"line":32,"column":21},"end":{"line":32,"column":61}},"12":{"start":{"line":33,"column":4},"end":{"line":46,"column":5}},"13":{"start":{"line":34,"column":6},"end":{"line":37,"column":8}},"14":{"start":{"line":39,"column":6},"end":{"line":39,"column":68}},"15":{"start":{"line":40,"column":6},"end":{"line":40,"column":36}},"16":{"start":{"line":42,"column":6},"end":{"line":45,"column":83}},"17":{"start":{"line":43,"column":8},"end":{"line":43,"column":55}},"18":{"start":{"line":45,"column":8},"end":{"line":45,"column":83}},"19":{"start":{"line":7,"column":13},"end":{"line":7,"column":29}}},"fnMap":{"0":{"name":"(anonymous_0)","decl":{"start":{"line":7,"column":29},"end":{"line":7,"column":null}},"loc":{"start":{"line":12,"column":4},"end":{"line":48,"column":1}}}},"branchMap":{"0":{"loc":{"start":{"line":11,"column":2},"end":{"line":11,"column":29}},"type":"default-arg","locations":[{"start":{"line":11,"column":24},"end":{"line":11,"column":29}}]},"1":{"loc":{"start":{"line":13,"column":2},"end":{"line":47,"column":3}},"type":"if","locations":[{"start":{"line":13,"column":2},"end":{"line":47,"column":3}}]},"2":{"loc":{"start":{"line":13,"column":8},"end":{"line":13,"column":52}},"type":"binary-expr","locations":[{"start":{"line":13,"column":8},"end":{"line":13,"column":27}},{"start":{"line":13,"column":31},"end":{"line":13,"column":52}}]},"3":{"loc":{"start":{"line":22,"column":4},"end":{"line":23,"column":82}},"type":"if","locations":[{"start":{"line":22,"column":4},"end":{"line":23,"column":82}}]},"4":{"loc":{"start":{"line":27,"column":4},"end":{"line":30,"column":5}},"type":"if","locations":[{"start":{"line":27,"column":4},"end":{"line":30,"column":5}}]},"5":{"loc":{"start":{"line":33,"column":4},"end":{"line":46,"column":5}},"type":"if","locations":[{"start":{"line":33,"column":4},"end":{"line":46,"column":5}}]},"6":{"loc":{"start":{"line":42,"column":6},"end":{"line":45,"column":83}},"type":"if","locations":[{"start":{"line":42,"column":6},"end":{"line":45,"column":83}},{"start":{"line":45,"column":8},"end":{"line":45,"column":83}}]}},"s":{"0":4,"1":4,"2":4,"3":1,"4":1,"5":1,"6":1,"7":1,"8":1,"9":0,"10":0,"11":1,"12":1,"13":1,"14":1,"15":1,"16":1,"17":1,"18":0,"19":4},"f":{"0":1},"b":{"0":[0],"1":[1],"2":[1,0],"3":[1],"4":[0],"5":[1],"6":[1,0]}}
,"C:\\Users\\joses\\solvd.laba.aliasProject\\src\\middlewares\\UserValidator\\userValidator.ts": {"path":"C:\\Users\\joses\\solvd.laba.aliasProject\\src\\middlewares\\UserValidator\\userValidator.ts","statementMap":{"0":{"start":{"line":1,"column":0},"end":{"line":1,"column":41}},"1":{"start":{"line":3,"column":13},"end":{"line":13,"column":2}},"2":{"start":{"line":15,"column":13},"end":{"line":20,"column":2}}},"fnMap":{},"branchMap":{},"s":{"0":4,"1":4,"2":4},"f":{},"b":{}}
,"C:\\Users\\joses\\solvd.laba.aliasProject\\src\\middlewares\\auth\\authMiddleware.ts": {"path":"C:\\Users\\joses\\solvd.laba.aliasProject\\src\\middlewares\\auth\\authMiddleware.ts","statementMap":{"0":{"start":{"line":2,"column":0},"end":{"line":2,"column":49}},"1":{"start":{"line":3,"column":0},"end":{"line":3,"column":56}},"2":{"start":{"line":6,"column":33},"end":{"line":36,"column":1}},"3":{"start":{"line":13,"column":16},"end":{"line":13,"column":58}},"4":{"start":{"line":15,"column":2},"end":{"line":17,"column":3}},"5":{"start":{"line":16,"column":4},"end":{"line":16,"column":69}},"6":{"start":{"line":19,"column":2},"end":{"line":35,"column":4}},"7":{"start":{"line":23,"column":6},"end":{"line":25,"column":7}},"8":{"start":{"line":24,"column":8},"end":{"line":24,"column":70}},"9":{"start":{"line":27,"column":27},"end":{"line":27,"column":50}},"10":{"start":{"line":29,"column":6},"end":{"line":29,"column":30}},"11":{"start":{"line":30,"column":6},"end":{"line":30,"column":46}},"12":{"start":{"line":31,"column":6},"end":{"line":31,"column":47}},"13":{"start":{"line":33,"column":6},"end":{"line":33,"column":13}},"14":{"start":{"line":6,"column":13},"end":{"line":6,"column":33}}},"fnMap":{"0":{"name":"(anonymous_1)","decl":{"start":{"line":6,"column":33},"end":{"line":6,"column":null}},"loc":{"start":{"line":11,"column":4},"end":{"line":36,"column":1}}},"1":{"name":"(anonymous_2)","decl":{"start":{"line":22,"column":4},"end":{"line":22,"column":5}},"loc":{"start":{"line":22,"column":59},"end":{"line":34,"column":5}}}},"branchMap":{"0":{"loc":{"start":{"line":13,"column":16},"end":{"line":13,"column":58}},"type":"cond-expr","locations":[{"start":{"line":13,"column":43},"end":{"line":13,"column":45}},{"start":{"line":13,"column":43},"end":{"line":13,"column":58}}]},"1":{"loc":{"start":{"line":13,"column":16},"end":{"line":13,"column":45}},"type":"binary-expr","locations":[{"start":{"line":13,"column":16},"end":{"line":13,"column":45}},{"start":{"line":13,"column":43},"end":{"line":13,"column":45}}]},"2":{"loc":{"start":{"line":15,"column":2},"end":{"line":17,"column":3}},"type":"if","locations":[{"start":{"line":15,"column":2},"end":{"line":17,"column":3}}]},"3":{"loc":{"start":{"line":23,"column":6},"end":{"line":25,"column":7}},"type":"if","locations":[{"start":{"line":23,"column":6},"end":{"line":25,"column":7}}]}},"s":{"0":4,"1":4,"2":4,"3":18,"4":18,"5":0,"6":18,"7":18,"8":0,"9":18,"10":18,"11":18,"12":18,"13":18,"14":4},"f":{"0":18,"1":18},"b":{"0":[0,18],"1":[18,18],"2":[0],"3":[0]}}
,"C:\\Users\\joses\\solvd.laba.aliasProject\\src\\middlewares\\auth\\authSocket.ts": {"path":"C:\\Users\\joses\\solvd.laba.aliasProject\\src\\middlewares\\auth\\authSocket.ts","statementMap":{"0":{"start":{"line":2,"column":0},"end":{"line":2,"column":73}},"1":{"start":{"line":3,"column":0},"end":{"line":3,"column":70}},"2":{"start":{"line":5,"column":0},"end":{"line":5,"column":56}},"3":{"start":{"line":6,"column":0},"end":{"line":6,"column":49}},"4":{"start":{"line":9,"column":26},"end":{"line":50,"column":1}},"5":{"start":{"line":11,"column":16},"end":{"line":11,"column":69}},"6":{"start":{"line":12,"column":17},"end":{"line":12,"column":48}},"7":{"start":{"line":15,"column":2},"end":{"line":20,"column":3}},"8":{"start":{"line":16,"column":4},"end":{"line":19,"column":6}},"9":{"start":{"line":23,"column":2},"end":{"line":49,"column":4}},"10":{"start":{"line":27,"column":6},"end":{"line":47,"column":7}},"11":{"start":{"line":29,"column":8},"end":{"line":32,"column":10}},"12":{"start":{"line":36,"column":29},"end":{"line":36,"column":52}},"13":{"start":{"line":37,"column":32},"end":{"line":37,"column":44}},"14":{"start":{"line":41,"column":8},"end":{"line":44,"column":11}},"15":{"start":{"line":46,"column":8},"end":{"line":46,"column":15}},"16":{"start":{"line":9,"column":13},"end":{"line":9,"column":26}}},"fnMap":{"0":{"name":"(anonymous_1)","decl":{"start":{"line":9,"column":26},"end":{"line":9,"column":27}},"loc":{"start":{"line":9,"column":56},"end":{"line":50,"column":1}}},"1":{"name":"(anonymous_2)","decl":{"start":{"line":26,"column":4},"end":{"line":26,"column":5}},"loc":{"start":{"line":26,"column":59},"end":{"line":48,"column":5}}}},"branchMap":{"0":{"loc":{"start":{"line":11,"column":16},"end":{"line":11,"column":69}},"type":"cond-expr","locations":[{"start":{"line":11,"column":54},"end":{"line":11,"column":56}},{"start":{"line":11,"column":54},"end":{"line":11,"column":69}}]},"1":{"loc":{"start":{"line":11,"column":16},"end":{"line":11,"column":56}},"type":"binary-expr","locations":[{"start":{"line":11,"column":16},"end":{"line":11,"column":56}},{"start":{"line":11,"column":54},"end":{"line":11,"column":56}}]},"2":{"loc":{"start":{"line":15,"column":2},"end":{"line":20,"column":3}},"type":"if","locations":[{"start":{"line":15,"column":2},"end":{"line":20,"column":3}}]},"3":{"loc":{"start":{"line":27,"column":6},"end":{"line":47,"column":7}},"type":"if","locations":[{"start":{"line":27,"column":6},"end":{"line":47,"column":7}},{"start":{"line":33,"column":13},"end":{"line":47,"column":7}}]},"4":{"loc":{"start":{"line":27,"column":10},"end":{"line":27,"column":45}},"type":"binary-expr","locations":[{"start":{"line":27,"column":10},"end":{"line":27,"column":13}},{"start":{"line":27,"column":17},"end":{"line":27,"column":45}}]}},"s":{"0":4,"1":4,"2":4,"3":4,"4":4,"5":2,"6":2,"7":2,"8":0,"9":2,"10":2,"11":1,"12":1,"13":1,"14":1,"15":1,"16":4},"f":{"0":2,"1":2},"b":{"0":[0,2],"1":[2,2],"2":[0],"3":[1,1],"4":[2,1]}}
,"C:\\Users\\joses\\solvd.laba.aliasProject\\src\\middlewares\\errorHandlers\\expressErrorHandler.ts": {"path":"C:\\Users\\joses\\solvd.laba.aliasProject\\src\\middlewares\\errorHandlers\\expressErrorHandler.ts","statementMap":{"0":{"start":{"line":3,"column":0},"end":{"line":3,"column":56}},"1":{"start":{"line":4,"column":0},"end":{"line":4,"column":23}},"2":{"start":{"line":14,"column":28},"end":{"line":51,"column":1}},"3":{"start":{"line":21,"column":2},"end":{"line":40,"column":3}},"4":{"start":{"line":23,"column":4},"end":{"line":31,"column":6}},"5":{"start":{"line":34,"column":4},"end":{"line":39,"column":6}},"6":{"start":{"line":42,"column":2},"end":{"line":50,"column":3}},"7":{"start":{"line":44,"column":4},"end":{"line":44,"column":43}},"8":{"start":{"line":47,"column":4},"end":{"line":49,"column":74}},"9":{"start":{"line":53,"column":9},"end":{"line":53,"column":28}}},"fnMap":{"0":{"name":"(anonymous_0)","decl":{"start":{"line":14,"column":28},"end":{"line":14,"column":null}},"loc":{"start":{"line":19,"column":10},"end":{"line":51,"column":1}}}},"branchMap":{"0":{"loc":{"start":{"line":21,"column":2},"end":{"line":40,"column":3}},"type":"if","locations":[{"start":{"line":21,"column":2},"end":{"line":40,"column":3}},{"start":{"line":32,"column":9},"end":{"line":40,"column":3}}]},"1":{"loc":{"start":{"line":25,"column":16},"end":{"line":25,"column":35}},"type":"binary-expr","locations":[{"start":{"line":25,"column":16},"end":{"line":25,"column":28}},{"start":{"line":25,"column":32},"end":{"line":25,"column":35}}]},"2":{"loc":{"start":{"line":36,"column":16},"end":{"line":36,"column":35}},"type":"binary-expr","locations":[{"start":{"line":36,"column":16},"end":{"line":36,"column":28}},{"start":{"line":36,"column":32},"end":{"line":36,"column":35}}]},"3":{"loc":{"start":{"line":42,"column":2},"end":{"line":50,"column":3}},"type":"if","locations":[{"start":{"line":42,"column":2},"end":{"line":50,"column":3}},{"start":{"line":45,"column":9},"end":{"line":50,"column":3}}]}},"s":{"0":4,"1":4,"2":4,"3":5,"4":0,"5":5,"6":5,"7":3,"8":2,"9":4},"f":{"0":5},"b":{"0":[0,5],"1":[0,0],"2":[5,2],"3":[3,2]}}
,"C:\\Users\\joses\\solvd.laba.aliasProject\\src\\middlewares\\errorHandlers\\socketErrorHandler.ts": {"path":"C:\\Users\\joses\\solvd.laba.aliasProject\\src\\middlewares\\errorHandlers\\socketErrorHandler.ts","statementMap":{"0":{"start":{"line":1,"column":0},"end":{"line":1,"column":56}},"1":{"start":{"line":3,"column":0},"end":{"line":3,"column":23}},"2":{"start":{"line":12,"column":27},"end":{"line":45,"column":1}},"3":{"start":{"line":14,"column":2},"end":{"line":31,"column":3}},"4":{"start":{"line":16,"column":4},"end":{"line":22,"column":6}},"5":{"start":{"line":25,"column":4},"end":{"line":30,"column":6}},"6":{"start":{"line":33,"column":2},"end":{"line":44,"column":3}},"7":{"start":{"line":35,"column":4},"end":{"line":35,"column":50}},"8":{"start":{"line":38,"column":4},"end":{"line":43,"column":6}},"9":{"start":{"line":47,"column":9},"end":{"line":47,"column":27}}},"fnMap":{"0":{"name":"(anonymous_0)","decl":{"start":{"line":12,"column":27},"end":{"line":12,"column":28}},"loc":{"start":{"line":12,"column":72},"end":{"line":45,"column":1}}}},"branchMap":{"0":{"loc":{"start":{"line":14,"column":2},"end":{"line":31,"column":3}},"type":"if","locations":[{"start":{"line":14,"column":2},"end":{"line":31,"column":3}},{"start":{"line":23,"column":9},"end":{"line":31,"column":3}}]},"1":{"loc":{"start":{"line":18,"column":16},"end":{"line":18,"column":35}},"type":"binary-expr","locations":[{"start":{"line":18,"column":16},"end":{"line":18,"column":28}},{"start":{"line":18,"column":32},"end":{"line":18,"column":35}}]},"2":{"loc":{"start":{"line":27,"column":16},"end":{"line":27,"column":35}},"type":"binary-expr","locations":[{"start":{"line":27,"column":16},"end":{"line":27,"column":28}},{"start":{"line":27,"column":32},"end":{"line":27,"column":35}}]},"3":{"loc":{"start":{"line":33,"column":2},"end":{"line":44,"column":3}},"type":"if","locations":[{"start":{"line":33,"column":2},"end":{"line":44,"column":3}},{"start":{"line":36,"column":9},"end":{"line":44,"column":3}}]}},"s":{"0":5,"1":5,"2":5,"3":5,"4":0,"5":5,"6":5,"7":4,"8":1,"9":5},"f":{"0":5},"b":{"0":[0,5],"1":[0,0],"2":[5,1],"3":[4,1]}}
,"C:\\Users\\joses\\solvd.laba.aliasProject\\src\\middlewares\\validateBody\\index.ts": {"path":"C:\\Users\\joses\\solvd.laba.aliasProject\\src\\middlewares\\validateBody\\index.ts","statementMap":{"0":{"start":{"line":2,"column":0},"end":{"line":2,"column":42}},"1":{"start":{"line":4,"column":23},"end":{"line":10,"column":1}},"2":{"start":{"line":5,"column":14},"end":{"line":5,"column":23}},"3":{"start":{"line":6,"column":19},"end":{"line":6,"column":38}},"4":{"start":{"line":8,"column":2},"end":{"line":8,"column":34}},"5":{"start":{"line":8,"column":22},"end":{"line":8,"column":34}},"6":{"start":{"line":9,"column":2},"end":{"line":9,"column":15}},"7":{"start":{"line":19,"column":31},"end":{"line":27,"column":1}},"8":{"start":{"line":20,"column":2},"end":{"line":26,"column":4}},"9":{"start":{"line":21,"column":4},"end":{"line":25,"column":5}},"10":{"start":{"line":22,"column":6},"end":{"line":22,"column":13}},"11":{"start":{"line":24,"column":6},"end":{"line":24,"column":38}},"12":{"start":{"line":19,"column":13},"end":{"line":19,"column":31}},"13":{"start":{"line":36,"column":28},"end":{"line":41,"column":1}},"14":{"start":{"line":40,"column":2},"end":{"line":40,"column":69}},"15":{"start":{"line":40,"column":37},"end":{"line":40,"column":69}},"16":{"start":{"line":36,"column":13},"end":{"line":36,"column":28}}},"fnMap":{"0":{"name":"(anonymous_1)","decl":{"start":{"line":4,"column":23},"end":{"line":4,"column":24}},"loc":{"start":{"line":4,"column":74},"end":{"line":10,"column":1}}},"1":{"name":"(anonymous_2)","decl":{"start":{"line":19,"column":31},"end":{"line":19,"column":32}},"loc":{"start":{"line":19,"column":67},"end":{"line":27,"column":1}}},"2":{"name":"(anonymous_3)","decl":{"start":{"line":20,"column":9},"end":{"line":20,"column":10}},"loc":{"start":{"line":20,"column":61},"end":{"line":26,"column":3}}},"3":{"name":"(anonymous_4)","decl":{"start":{"line":36,"column":28},"end":{"line":36,"column":null}},"loc":{"start":{"line":39,"column":4},"end":{"line":41,"column":1}}}},"branchMap":{"0":{"loc":{"start":{"line":8,"column":2},"end":{"line":8,"column":34}},"type":"if","locations":[{"start":{"line":8,"column":2},"end":{"line":8,"column":34}}]},"1":{"loc":{"start":{"line":21,"column":4},"end":{"line":25,"column":5}},"type":"if","locations":[{"start":{"line":21,"column":4},"end":{"line":25,"column":5}},{"start":{"line":23,"column":11},"end":{"line":25,"column":5}}]},"2":{"loc":{"start":{"line":40,"column":2},"end":{"line":40,"column":69}},"type":"if","locations":[{"start":{"line":40,"column":2},"end":{"line":40,"column":69}}]}},"s":{"0":4,"1":4,"2":10,"3":10,"4":10,"5":10,"6":0,"7":4,"8":8,"9":10,"10":10,"11":0,"12":4,"13":4,"14":0,"15":0,"16":4},"f":{"0":10,"1":8,"2":10,"3":0},"b":{"0":[10],"1":[10,0],"2":[0]}}
,"C:\\Users\\joses\\solvd.laba.aliasProject\\src\\middlewares\\validateBody\\schemas\\gameJoinRoomSchema.ts": {"path":"C:\\Users\\joses\\solvd.laba.aliasProject\\src\\middlewares\\validateBody\\schemas\\gameJoinRoomSchema.ts","statementMap":{"0":{"start":{"line":4,"column":13},"end":{"line":14,"column":2}}},"fnMap":{},"branchMap":{},"s":{"0":4},"f":{},"b":{}}
,"C:\\Users\\joses\\solvd.laba.aliasProject\\src\\middlewares\\validateBody\\schemas\\gameRoomSchema.ts": {"path":"C:\\Users\\joses\\solvd.laba.aliasProject\\src\\middlewares\\validateBody\\schemas\\gameRoomSchema.ts","statementMap":{"0":{"start":{"line":4,"column":13},"end":{"line":12,"column":2}}},"fnMap":{},"branchMap":{},"s":{"0":4},"f":{},"b":{}}
,"C:\\Users\\joses\\solvd.laba.aliasProject\\src\\repositories\\messageRepository.ts": {"path":"C:\\Users\\joses\\solvd.laba.aliasProject\\src\\repositories\\messageRepository.ts","statementMap":{"0":{"start":{"line":2,"column":0},"end":{"line":2,"column":42}},"1":{"start":{"line":6,"column":20},"end":{"line":6,"column":44}},"2":{"start":{"line":8,"column":4},"end":{"line":8,"column":38}},"3":{"start":{"line":12,"column":20},"end":{"line":12,"column":44}},"4":{"start":{"line":13,"column":23},"end":{"line":17,"column":6}},"5":{"start":{"line":18,"column":4},"end":{"line":18,"column":81}},"6":{"start":{"line":22,"column":20},"end":{"line":22,"column":44}},"7":{"start":{"line":23,"column":23},"end":{"line":25,"column":6}},"8":{"start":{"line":26,"column":4},"end":{"line":26,"column":80}},"9":{"start":{"line":30,"column":20},"end":{"line":30,"column":44}},"10":{"start":{"line":31,"column":23},"end":{"line":35,"column":6}},"11":{"start":{"line":36,"column":4},"end":{"line":36,"column":80}},"12":{"start":{"line":40,"column":20},"end":{"line":40,"column":44}},"13":{"start":{"line":41,"column":23},"end":{"line":45,"column":6}},"14":{"start":{"line":46,"column":4},"end":{"line":46,"column":80}},"15":{"start":{"line":4,"column":0},"end":{"line":4,"column":13}},"16":{"start":{"line":50,"column":0},"end":{"line":50,"column":39}}},"fnMap":{"0":{"name":"(anonymous_7)","decl":{"start":{"line":5,"column":8},"end":{"line":5,"column":14}},"loc":{"start":{"line":5,"column":42},"end":{"line":9,"column":null}}},"1":{"name":"(anonymous_9)","decl":{"start":{"line":11,"column":8},"end":{"line":11,"column":11}},"loc":{"start":{"line":11,"column":29},"end":{"line":19,"column":null}}},"2":{"name":"(anonymous_11)","decl":{"start":{"line":21,"column":8},"end":{"line":21,"column":14}},"loc":{"start":{"line":21,"column":14},"end":{"line":27,"column":null}}},"3":{"name":"(anonymous_13)","decl":{"start":{"line":29,"column":8},"end":{"line":29,"column":22}},"loc":{"start":{"line":29,"column":37},"end":{"line":37,"column":null}}},"4":{"name":"(anonymous_15)","decl":{"start":{"line":39,"column":8},"end":{"line":39,"column":21}},"loc":{"start":{"line":39,"column":38},"end":{"line":47,"column":null}}}},"branchMap":{},"s":{"0":6,"1":0,"2":0,"3":0,"4":0,"5":0,"6":0,"7":0,"8":0,"9":0,"10":0,"11":0,"12":0,"13":0,"14":0,"15":6,"16":6},"f":{"0":0,"1":0,"2":0,"3":0,"4":0},"b":{}}
,"C:\\Users\\joses\\solvd.laba.aliasProject\\src\\repositories\\roomRepository.ts": {"path":"C:\\Users\\joses\\solvd.laba.aliasProject\\src\\repositories\\roomRepository.ts","statementMap":{"0":{"start":{"line":2,"column":0},"end":{"line":2,"column":42}},"1":{"start":{"line":5,"column":0},"end":{"line":5,"column":55}},"2":{"start":{"line":9,"column":17},"end":{"line":9,"column":41}},"3":{"start":{"line":10,"column":4},"end":{"line":10,"column":32}},"4":{"start":{"line":14,"column":17},"end":{"line":14,"column":41}},"5":{"start":{"line":15,"column":23},"end":{"line":19,"column":6}},"6":{"start":{"line":20,"column":23},"end":{"line":20,"column":73}},"7":{"start":{"line":21,"column":24},"end":{"line":21,"column":57}},"8":{"start":{"line":22,"column":4},"end":{"line":22,"column":23}},"9":{"start":{"line":26,"column":17},"end":{"line":26,"column":41}},"10":{"start":{"line":27,"column":23},"end":{"line":29,"column":6}},"11":{"start":{"line":30,"column":19},"end":{"line":31,"column":null}},"12":{"start":{"line":31,"column":26},"end":{"line":31,"column":63}},"13":{"start":{"line":33,"column":4},"end":{"line":33,"column":17}},"14":{"start":{"line":37,"column":17},"end":{"line":37,"column":41}},"15":{"start":{"line":38,"column":4},"end":{"line":38,"column":32}},"16":{"start":{"line":42,"column":17},"end":{"line":42,"column":41}},"17":{"start":{"line":43,"column":4},"end":{"line":43,"column":32}},"18":{"start":{"line":47,"column":17},"end":{"line":47,"column":41}},"19":{"start":{"line":48,"column":4},"end":{"line":48,"column":32}},"20":{"start":{"line":52,"column":17},"end":{"line":52,"column":41}},"21":{"start":{"line":54,"column":35},"end":{"line":73,"column":6}},"22":{"start":{"line":74,"column":4},"end":{"line":74,"column":74}},"23":{"start":{"line":78,"column":9},"end":{"line":78,"column":23}},"24":{"start":{"line":77,"column":0},"end":{"line":77,"column":36}}},"fnMap":{"0":{"name":"(anonymous_7)","decl":{"start":{"line":8,"column":8},"end":{"line":8,"column":14}},"loc":{"start":{"line":8,"column":36},"end":{"line":11,"column":null}}},"1":{"name":"(anonymous_9)","decl":{"start":{"line":13,"column":8},"end":{"line":13,"column":11}},"loc":{"start":{"line":13,"column":26},"end":{"line":23,"column":null}}},"2":{"name":"(anonymous_11)","decl":{"start":{"line":25,"column":8},"end":{"line":25,"column":14}},"loc":{"start":{"line":25,"column":14},"end":{"line":34,"column":null}}},"3":{"name":"(anonymous_13)","decl":{"start":{"line":31,"column":6},"end":{"line":31,"column":7}},"loc":{"start":{"line":31,"column":26},"end":{"line":31,"column":63}}},"4":{"name":"(anonymous_14)","decl":{"start":{"line":36,"column":8},"end":{"line":36,"column":12}},"loc":{"start":{"line":36,"column":34},"end":{"line":39,"column":null}}},"5":{"name":"(anonymous_16)","decl":{"start":{"line":41,"column":8},"end":{"line":41,"column":13}},"loc":{"start":{"line":41,"column":35},"end":{"line":44,"column":null}}},"6":{"name":"(anonymous_18)","decl":{"start":{"line":46,"column":8},"end":{"line":46,"column":30}},"loc":{"start":{"line":46,"column":52},"end":{"line":49,"column":null}}},"7":{"name":"(anonymous_20)","decl":{"start":{"line":51,"column":8},"end":{"line":51,"column":19}},"loc":{"start":{"line":51,"column":34},"end":{"line":75,"column":null}}}},"branchMap":{},"s":{"0":4,"1":4,"2":4,"3":4,"4":21,"5":21,"6":21,"7":21,"8":20,"9":1,"10":1,"11":1,"12":4,"13":1,"14":6,"15":6,"16":0,"17":0,"18":1,"19":1,"20":1,"21":1,"22":1,"23":4,"24":4},"f":{"0":4,"1":21,"2":1,"3":4,"4":6,"5":0,"6":1,"7":1},"b":{}}
,"C:\\Users\\joses\\solvd.laba.aliasProject\\src\\repositories\\userRepository.ts": {"path":"C:\\Users\\joses\\solvd.laba.aliasProject\\src\\repositories\\userRepository.ts","statementMap":{"0":{"start":{"line":1,"column":0},"end":{"line":1,"column":42}},"1":{"start":{"line":6,"column":26},"end":{"line":40,"column":2}},"2":{"start":{"line":6,"column":53},"end":{"line":40,"column":2}},"3":{"start":{"line":15,"column":6},"end":{"line":15,"column":13}},"4":{"start":{"line":17,"column":32},"end":{"line":26,"column":4}},"5":{"start":{"line":28,"column":31},"end":{"line":28,"column":null}},"6":{"start":{"line":32,"column":2},"end":{"line":39,"column":3}},"7":{"start":{"line":33,"column":26},"end":{"line":33,"column":47}},"8":{"start":{"line":35,"column":4},"end":{"line":35,"column":60}},"9":{"start":{"line":37,"column":4},"end":{"line":37,"column":23}},"10":{"start":{"line":38,"column":4},"end":{"line":38,"column":16}},"11":{"start":{"line":6,"column":13},"end":{"line":6,"column":26}},"12":{"start":{"line":42,"column":31},"end":{"line":52,"column":2}},"13":{"start":{"line":42,"column":55},"end":{"line":52,"column":2}},"14":{"start":{"line":43,"column":17},"end":{"line":49,"column":4}},"15":{"start":{"line":51,"column":2},"end":{"line":51,"column":46}},"16":{"start":{"line":42,"column":13},"end":{"line":42,"column":31}}},"fnMap":{"0":{"name":"(anonymous_7)","decl":{"start":{"line":6,"column":26},"end":{"line":6,"column":33}},"loc":{"start":{"line":6,"column":53},"end":{"line":40,"column":2}}},"1":{"name":"(anonymous_8)","decl":{"start":{"line":6,"column":53},"end":{"line":6,"column":null}},"loc":{"start":{"line":6,"column":53},"end":{"line":40,"column":1}}},"2":{"name":"(anonymous_9)","decl":{"start":{"line":42,"column":31},"end":{"line":42,"column":38}},"loc":{"start":{"line":42,"column":55},"end":{"line":52,"column":2}}},"3":{"name":"(anonymous_10)","decl":{"start":{"line":42,"column":55},"end":{"line":42,"column":null}},"loc":{"start":{"line":42,"column":55},"end":{"line":52,"column":1}}}},"branchMap":{},"s":{"0":4,"1":4,"2":6,"3":6,"4":6,"5":6,"6":6,"7":6,"8":6,"9":0,"10":0,"11":4,"12":4,"13":13,"14":13,"15":13,"16":4},"f":{"0":6,"1":6,"2":13,"3":13},"b":{}}
,"C:\\Users\\joses\\solvd.laba.aliasProject\\src\\repositories\\inMemory\\onlineUsers.ts": {"path":"C:\\Users\\joses\\solvd.laba.aliasProject\\src\\repositories\\inMemory\\onlineUsers.ts","statementMap":{"0":{"start":{"line":3,"column":13},"end":{"line":3,"column":68}}},"fnMap":{},"branchMap":{},"s":{"0":5},"f":{},"b":{}}
,"C:\\Users\\joses\\solvd.laba.aliasProject\\src\\repositories\\inMemory\\rooms.ts": {"path":"C:\\Users\\joses\\solvd.laba.aliasProject\\src\\repositories\\inMemory\\rooms.ts","statementMap":{"0":{"start":{"line":2,"column":13},"end":{"line":2,"column":54}}},"fnMap":{},"branchMap":{},"s":{"0":4},"f":{},"b":{}}
,"C:\\Users\\joses\\solvd.laba.aliasProject\\src\\routes\\chat.ts": {"path":"C:\\Users\\joses\\solvd.laba.aliasProject\\src\\routes\\chat.ts","statementMap":{"0":{"start":{"line":1,"column":0},"end":{"line":1,"column":31}},"1":{"start":{"line":2,"column":0},"end":{"line":2,"column":24}},"2":{"start":{"line":3,"column":0},"end":{"line":3,"column":73}},"3":{"start":{"line":7,"column":15},"end":{"line":7,"column":23}},"4":{"start":{"line":9,"column":0},"end":{"line":9,"column":55}},"5":{"start":{"line":10,"column":0},"end":{"line":10,"column":66}},"6":{"start":{"line":13,"column":0},"end":{"line":18,"column":null}},"7":{"start":{"line":15,"column":19},"end":{"line":15,"column":71}},"8":{"start":{"line":17,"column":2},"end":{"line":17,"column":33}},"9":{"start":{"line":20,"column":0},"end":{"line":24,"column":null}},"10":{"start":{"line":21,"column":19},"end":{"line":21,"column":66}},"11":{"start":{"line":23,"column":2},"end":{"line":23,"column":32}},"12":{"start":{"line":27,"column":0},"end":{"line":29,"column":3}},"13":{"start":{"line":28,"column":2},"end":{"line":28,"column":30}},"14":{"start":{"line":31,"column":0},"end":{"line":31,"column":22}}},"fnMap":{"0":{"name":"(anonymous_1)","decl":{"start":{"line":13,"column":16},"end":{"line":13,"column":17}},"loc":{"start":{"line":13,"column":29},"end":{"line":18,"column":1}}},"1":{"name":"(anonymous_2)","decl":{"start":{"line":20,"column":21},"end":{"line":20,"column":22}},"loc":{"start":{"line":20,"column":34},"end":{"line":24,"column":1}}},"2":{"name":"(anonymous_3)","decl":{"start":{"line":27,"column":17},"end":{"line":27,"column":18}},"loc":{"start":{"line":27,"column":30},"end":{"line":29,"column":1}}}},"branchMap":{},"s":{"0":4,"1":4,"2":4,"3":4,"4":4,"5":4,"6":4,"7":0,"8":0,"9":4,"10":0,"11":0,"12":4,"13":0,"14":4},"f":{"0":0,"1":0,"2":0},"b":{}}
,"C:\\Users\\joses\\solvd.laba.aliasProject\\src\\routes\\index.ts": {"path":"C:\\Users\\joses\\solvd.laba.aliasProject\\src\\routes\\index.ts","statementMap":{"0":{"start":{"line":1,"column":0},"end":{"line":1,"column":52}},"1":{"start":{"line":2,"column":0},"end":{"line":2,"column":71}},"2":{"start":{"line":4,"column":15},"end":{"line":4,"column":23}},"3":{"start":{"line":6,"column":0},"end":{"line":8,"column":3}},"4":{"start":{"line":7,"column":2},"end":{"line":7,"column":33}},"5":{"start":{"line":10,"column":0},"end":{"line":10,"column":22}}},"fnMap":{"0":{"name":"(anonymous_0)","decl":{"start":{"line":6,"column":35},"end":{"line":6,"column":36}},"loc":{"start":{"line":6,"column":67},"end":{"line":8,"column":1}}}},"branchMap":{},"s":{"0":4,"1":4,"2":4,"3":4,"4":0,"5":4},"f":{"0":0},"b":{}}
,"C:\\Users\\joses\\solvd.laba.aliasProject\\src\\routes\\roomRoutes.ts": {"path":"C:\\Users\\joses\\solvd.laba.aliasProject\\src\\routes\\roomRoutes.ts","statementMap":{"0":{"start":{"line":1,"column":0},"end":{"line":1,"column":92}},"1":{"start":{"line":2,"column":0},"end":{"line":2,"column":84}},"2":{"start":{"line":3,"column":0},"end":{"line":3,"column":62}},"3":{"start":{"line":4,"column":0},"end":{"line":4,"column":59}},"4":{"start":{"line":5,"column":0},"end":{"line":5,"column":42}},"5":{"start":{"line":7,"column":23},"end":{"line":7,"column":39}},"6":{"start":{"line":9,"column":0},"end":{"line":9,"column":73}},"7":{"start":{"line":10,"column":0},"end":{"line":10,"column":39}},"8":{"start":{"line":11,"column":0},"end":{"line":11,"column":39}},"9":{"start":{"line":12,"column":0},"end":{"line":12,"column":null}},"10":{"start":{"line":14,"column":0},"end":{"line":14,"column":79}},"11":{"start":{"line":16,"column":0},"end":{"line":16,"column":22}}},"fnMap":{},"branchMap":{},"s":{"0":4,"1":4,"2":4,"3":4,"4":4,"5":4,"6":4,"7":4,"8":4,"9":4,"10":4,"11":4},"f":{},"b":{}}
,"C:\\Users\\joses\\solvd.laba.aliasProject\\src\\routes\\userRoutes.ts": {"path":"C:\\Users\\joses\\solvd.laba.aliasProject\\src\\routes\\userRoutes.ts","statementMap":{"0":{"start":{"line":1,"column":0},"end":{"line":1,"column":30}},"1":{"start":{"line":2,"column":0},"end":{"line":2,"column":72}},"2":{"start":{"line":3,"column":0},"end":{"line":3,"column":null}},"3":{"start":{"line":8,"column":19},"end":{"line":8,"column":35}},"4":{"start":{"line":10,"column":0},"end":{"line":10,"column":65}},"5":{"start":{"line":11,"column":0},"end":{"line":11,"column":55}},"6":{"start":{"line":13,"column":0},"end":{"line":13,"column":26}}},"fnMap":{},"branchMap":{},"s":{"0":4,"1":4,"2":4,"3":4,"4":4,"5":4,"6":4},"f":{},"b":{}}
,"C:\\Users\\joses\\solvd.laba.aliasProject\\src\\routes\\socketRoutes\\chatRoutes.ts": {"path":"C:\\Users\\joses\\solvd.laba.aliasProject\\src\\routes\\socketRoutes\\chatRoutes.ts","statementMap":{"0":{"start":{"line":1,"column":0},"end":{"line":1,"column":62}},"1":{"start":{"line":2,"column":0},"end":{"line":2,"column":60}},"2":{"start":{"line":3,"column":0},"end":{"line":3,"column":58}},"3":{"start":{"line":4,"column":0},"end":{"line":4,"column":56}},"4":{"start":{"line":7,"column":25},"end":{"line":21,"column":1}},"5":{"start":{"line":8,"column":2},"end":{"line":20,"column":5}},"6":{"start":{"line":10,"column":4},"end":{"line":10,"column":44}},"7":{"start":{"line":13,"column":4},"end":{"line":13,"column":46}},"8":{"start":{"line":16,"column":4},"end":{"line":16,"column":50}},"9":{"start":{"line":19,"column":4},"end":{"line":19,"column":48}},"10":{"start":{"line":7,"column":13},"end":{"line":7,"column":25}}},"fnMap":{"0":{"name":"(anonymous_0)","decl":{"start":{"line":7,"column":25},"end":{"line":7,"column":26}},"loc":{"start":{"line":7,"column":40},"end":{"line":21,"column":1}}},"1":{"name":"(anonymous_1)","decl":{"start":{"line":8,"column":22},"end":{"line":8,"column":23}},"loc":{"start":{"line":8,"column":41},"end":{"line":20,"column":3}}}},"branchMap":{},"s":{"0":4,"1":4,"2":4,"3":4,"4":4,"5":4,"6":0,"7":0,"8":0,"9":0,"10":4},"f":{"0":4,"1":0},"b":{}}
,"C:\\Users\\joses\\solvd.laba.aliasProject\\src\\routes\\socketRoutes\\gameRoutes.ts": {"path":"C:\\Users\\joses\\solvd.laba.aliasProject\\src\\routes\\socketRoutes\\gameRoutes.ts","statementMap":{"0":{"start":{"line":2,"column":0},"end":{"line":2,"column":62}},"1":{"start":{"line":3,"column":0},"end":{"line":3,"column":60}},"2":{"start":{"line":4,"column":0},"end":{"line":4,"column":71}},"3":{"start":{"line":5,"column":0},"end":{"line":5,"column":58}},"4":{"start":{"line":6,"column":0},"end":{"line":6,"column":56}},"5":{"start":{"line":8,"column":25},"end":{"line":27,"column":1}},"6":{"start":{"line":9,"column":1},"end":{"line":26,"column":4}},"7":{"start":{"line":12,"column":2},"end":{"line":12,"column":42}},"8":{"start":{"line":15,"column":2},"end":{"line":15,"column":46}},"9":{"start":{"line":18,"column":2},"end":{"line":18,"column":54}},"10":{"start":{"line":21,"column":2},"end":{"line":21,"column":49}},"11":{"start":{"line":24,"column":2},"end":{"line":24,"column":null}},"12":{"start":{"line":8,"column":13},"end":{"line":8,"column":25}}},"fnMap":{"0":{"name":"(anonymous_0)","decl":{"start":{"line":8,"column":25},"end":{"line":8,"column":26}},"loc":{"start":{"line":8,"column":40},"end":{"line":27,"column":1}}},"1":{"name":"(anonymous_1)","decl":{"start":{"line":9,"column":21},"end":{"line":9,"column":22}},"loc":{"start":{"line":9,"column":40},"end":{"line":26,"column":2}}}},"branchMap":{},"s":{"0":4,"1":4,"2":4,"3":4,"4":4,"5":4,"6":4,"7":0,"8":0,"9":0,"10":0,"11":0,"12":4},"f":{"0":4,"1":0},"b":{}}
,"C:\\Users\\joses\\solvd.laba.aliasProject\\src\\services\\chatMessageService.ts": {"path":"C:\\Users\\joses\\solvd.laba.aliasProject\\src\\services\\chatMessageService.ts","statementMap":{"0":{"start":{"line":1,"column":0},"end":{"line":1,"column":89}},"1":{"start":{"line":3,"column":0},"end":{"line":3,"column":34}},"2":{"start":{"line":4,"column":0},"end":{"line":4,"column":53}},"3":{"start":{"line":11,"column":4},"end":{"line":11,"column":47}},"4":{"start":{"line":15,"column":23},"end":{"line":21,"column":null}},"5":{"start":{"line":23,"column":4},"end":{"line":23,"column":52}},"6":{"start":{"line":25,"column":4},"end":{"line":25,"column":54}},"7":{"start":{"line":29,"column":25},"end":{"line":29,"column":68}},"8":{"start":{"line":30,"column":4},"end":{"line":32,"column":5}},"9":{"start":{"line":31,"column":6},"end":{"line":31,"column":54}},"10":{"start":{"line":33,"column":4},"end":{"line":33,"column":24}},"11":{"start":{"line":37,"column":4},"end":{"line":37,"column":49}},"12":{"start":{"line":41,"column":34},"end":{"line":41,"column":85}},"13":{"start":{"line":43,"column":4},"end":{"line":45,"column":5}},"14":{"start":{"line":44,"column":6},"end":{"line":44,"column":51}},"15":{"start":{"line":46,"column":4},"end":{"line":46,"column":33}},"16":{"start":{"line":50,"column":36},"end":{"line":50,"column":88}},"17":{"start":{"line":51,"column":4},"end":{"line":53,"column":5}},"18":{"start":{"line":52,"column":6},"end":{"line":52,"column":53}},"19":{"start":{"line":54,"column":4},"end":{"line":54,"column":35}},"20":{"start":{"line":7,"column":0},"end":{"line":7,"column":13}},"21":{"start":{"line":58,"column":0},"end":{"line":58,"column":57}}},"fnMap":{"0":{"name":"(anonymous_8)","decl":{"start":{"line":10,"column":2},"end":{"line":10,"column":14}},"loc":{"start":{"line":10,"column":50},"end":{"line":12,"column":3}}},"1":{"name":"(anonymous_9)","decl":{"start":{"line":14,"column":8},"end":{"line":14,"column":14}},"loc":{"start":{"line":14,"column":40},"end":{"line":26,"column":null}}},"2":{"name":"(anonymous_11)","decl":{"start":{"line":28,"column":8},"end":{"line":28,"column":11}},"loc":{"start":{"line":28,"column":29},"end":{"line":34,"column":null}}},"3":{"name":"(anonymous_13)","decl":{"start":{"line":36,"column":8},"end":{"line":36,"column":14}},"loc":{"start":{"line":36,"column":14},"end":{"line":38,"column":null}}},"4":{"name":"(anonymous_15)","decl":{"start":{"line":40,"column":8},"end":{"line":40,"column":22}},"loc":{"start":{"line":40,"column":37},"end":{"line":47,"column":null}}},"5":{"name":"(anonymous_17)","decl":{"start":{"line":49,"column":8},"end":{"line":49,"column":21}},"loc":{"start":{"line":49,"column":38},"end":{"line":55,"column":null}}}},"branchMap":{"0":{"loc":{"start":{"line":30,"column":4},"end":{"line":32,"column":5}},"type":"if","locations":[{"start":{"line":30,"column":4},"end":{"line":32,"column":5}}]},"1":{"loc":{"start":{"line":43,"column":4},"end":{"line":45,"column":5}},"type":"if","locations":[{"start":{"line":43,"column":4},"end":{"line":45,"column":5}}]},"2":{"loc":{"start":{"line":51,"column":4},"end":{"line":53,"column":5}},"type":"if","locations":[{"start":{"line":51,"column":4},"end":{"line":53,"column":5}}]}},"s":{"0":6,"1":6,"2":6,"3":6,"4":0,"5":0,"6":0,"7":0,"8":0,"9":0,"10":0,"11":0,"12":0,"13":0,"14":0,"15":0,"16":0,"17":0,"18":0,"19":0,"20":6,"21":6},"f":{"0":6,"1":0,"2":0,"3":0,"4":0,"5":0},"b":{"0":[0],"1":[0],"2":[0]}}
,"C:\\Users\\joses\\solvd.laba.aliasProject\\src\\services\\roomService.ts": {"path":"C:\\Users\\joses\\solvd.laba.aliasProject\\src\\services\\roomService.ts","statementMap":{"0":{"start":{"line":4,"column":0},"end":{"line":4,"column":60}},"1":{"start":{"line":5,"column":0},"end":{"line":5,"column":53}},"2":{"start":{"line":6,"column":0},"end":{"line":6,"column":50}},"3":{"start":{"line":7,"column":0},"end":{"line":7,"column":34}},"4":{"start":{"line":13,"column":4},"end":{"line":13,"column":41}},"5":{"start":{"line":17,"column":25},"end":{"line":17,"column":49}},"6":{"start":{"line":18,"column":28},"end":{"line":23,"column":null}},"7":{"start":{"line":26,"column":4},"end":{"line":26,"column":54}},"8":{"start":{"line":28,"column":4},"end":{"line":28,"column":62}},"9":{"start":{"line":32,"column":28},"end":{"line":32,"column":65}},"10":{"start":{"line":33,"column":4},"end":{"line":33,"column":71}},"11":{"start":{"line":33,"column":26},"end":{"line":33,"column":71}},"12":{"start":{"line":34,"column":4},"end":{"line":34,"column":27}},"13":{"start":{"line":38,"column":4},"end":{"line":38,"column":46}},"14":{"start":{"line":45,"column":23},"end":{"line":45,"column":69}},"15":{"start":{"line":47,"column":4},"end":{"line":49,"column":5}},"16":{"start":{"line":48,"column":6},"end":{"line":48,"column":51}},"17":{"start":{"line":52,"column":4},"end":{"line":56,"column":62}},"18":{"start":{"line":56,"column":6},"end":{"line":56,"column":62}},"19":{"start":{"line":59,"column":6},"end":{"line":59,"column":64}},"20":{"start":{"line":62,"column":4},"end":{"line":63,"column":62}},"21":{"start":{"line":63,"column":6},"end":{"line":63,"column":62}},"22":{"start":{"line":66,"column":4},"end":{"line":66,"column":40}},"23":{"start":{"line":68,"column":4},"end":{"line":68,"column":52}},"24":{"start":{"line":69,"column":4},"end":{"line":69,"column":47}},"25":{"start":{"line":71,"column":4},"end":{"line":71,"column":58}},"26":{"start":{"line":82,"column":27},"end":{"line":82,"column":33}},"27":{"start":{"line":84,"column":21},"end":{"line":84,"column":43}},"28":{"start":{"line":86,"column":4},"end":{"line":88,"column":5}},"29":{"start":{"line":87,"column":6},"end":{"line":87,"column":51}},"30":{"start":{"line":91,"column":4},"end":{"line":93,"column":6}},"31":{"start":{"line":92,"column":18},"end":{"line":92,"column":42}},"32":{"start":{"line":96,"column":4},"end":{"line":98,"column":6}},"33":{"start":{"line":97,"column":18},"end":{"line":97,"column":42}},"34":{"start":{"line":100,"column":4},"end":{"line":100,"column":50}},"35":{"start":{"line":101,"column":4},"end":{"line":101,"column":40}},"36":{"start":{"line":108,"column":21},"end":{"line":108,"column":58}},"37":{"start":{"line":109,"column":4},"end":{"line":109,"column":54}},"38":{"start":{"line":110,"column":4},"end":{"line":110,"column":54}},"39":{"start":{"line":111,"column":4},"end":{"line":111,"column":63}},"40":{"start":{"line":120,"column":18},"end":{"line":120,"column":63}},"41":{"start":{"line":122,"column":21},"end":{"line":122,"column":44}},"42":{"start":{"line":124,"column":24},"end":{"line":127,"column":null}},"43":{"start":{"line":126,"column":8},"end":{"line":127,"column":48}},"44":{"start":{"line":130,"column":4},"end":{"line":133,"column":6}},"45":{"start":{"line":137,"column":9},"end":{"line":137,"column":20}},"46":{"start":{"line":136,"column":0},"end":{"line":136,"column":47}}},"fnMap":{"0":{"name":"(anonymous_8)","decl":{"start":{"line":12,"column":2},"end":{"line":12,"column":14}},"loc":{"start":{"line":12,"column":44},"end":{"line":14,"column":3}}},"1":{"name":"(anonymous_9)","decl":{"start":{"line":16,"column":8},"end":{"line":16,"column":14}},"loc":{"start":{"line":16,"column":49},"end":{"line":29,"column":null}}},"2":{"name":"(anonymous_11)","decl":{"start":{"line":31,"column":8},"end":{"line":31,"column":11}},"loc":{"start":{"line":31,"column":26},"end":{"line":35,"column":null}}},"3":{"name":"(anonymous_13)","decl":{"start":{"line":37,"column":8},"end":{"line":37,"column":14}},"loc":{"start":{"line":37,"column":14},"end":{"line":39,"column":null}}},"4":{"name":"(anonymous_15)","decl":{"start":{"line":41,"column":8},"end":{"line":41,"column":12}},"loc":{"start":{"line":43,"column":18},"end":{"line":72,"column":null}}},"5":{"name":"(anonymous_17)","decl":{"start":{"line":79,"column":8},"end":{"line":79,"column":13}},"loc":{"start":{"line":79,"column":28},"end":{"line":102,"column":null}}},"6":{"name":"(anonymous_19)","decl":{"start":{"line":92,"column":6},"end":{"line":92,"column":7}},"loc":{"start":{"line":92,"column":18},"end":{"line":92,"column":42}}},"7":{"name":"(anonymous_20)","decl":{"start":{"line":97,"column":6},"end":{"line":97,"column":7}},"loc":{"start":{"line":97,"column":18},"end":{"line":97,"column":42}}},"8":{"name":"(anonymous_21)","decl":{"start":{"line":104,"column":8},"end":{"line":104,"column":30}},"loc":{"start":{"line":106,"column":34},"end":{"line":112,"column":null}}},"9":{"name":"(anonymous_23)","decl":{"start":{"line":114,"column":8},"end":{"line":114,"column":19}},"loc":{"start":{"line":118,"column":17},"end":{"line":134,"column":null}}},"10":{"name":"(anonymous_25)","decl":{"start":{"line":125,"column":6},"end":{"line":125,"column":7}},"loc":{"start":{"line":126,"column":8},"end":{"line":127,"column":48}}}},"branchMap":{"0":{"loc":{"start":{"line":33,"column":4},"end":{"line":33,"column":71}},"type":"if","locations":[{"start":{"line":33,"column":4},"end":{"line":33,"column":71}}]},"1":{"loc":{"start":{"line":47,"column":4},"end":{"line":49,"column":5}},"type":"if","locations":[{"start":{"line":47,"column":4},"end":{"line":49,"column":5}}]},"2":{"loc":{"start":{"line":52,"column":4},"end":{"line":56,"column":62}},"type":"if","locations":[{"start":{"line":52,"column":4},"end":{"line":56,"column":62}}]},"3":{"loc":{"start":{"line":53,"column":6},"end":{"line":54,"column":46}},"type":"binary-expr","locations":[{"start":{"line":53,"column":6},"end":{"line":53,"column":46}},{"start":{"line":54,"column":6},"end":{"line":54,"column":46}}]},"4":{"loc":{"start":{"line":59,"column":6},"end":{"line":59,"column":64}},"type":"cond-expr","locations":[{"start":{"line":59,"column":33},"end":{"line":59,"column":47}},{"start":{"line":59,"column":50},"end":{"line":59,"column":64}}]},"5":{"loc":{"start":{"line":62,"column":4},"end":{"line":63,"column":62}},"type":"if","locations":[{"start":{"line":62,"column":4},"end":{"line":63,"column":62}}]},"6":{"loc":{"start":{"line":86,"column":4},"end":{"line":88,"column":5}},"type":"if","locations":[{"start":{"line":86,"column":4},"end":{"line":88,"column":5}}]},"7":{"loc":{"start":{"line":122,"column":21},"end":{"line":122,"column":44}},"type":"cond-expr","locations":[{"start":{"line":122,"column":38},"end":{"line":122,"column":39}},{"start":{"line":122,"column":42},"end":{"line":122,"column":44}}]}},"s":{"0":4,"1":4,"2":4,"3":4,"4":4,"5":4,"6":4,"7":4,"8":4,"9":4,"10":3,"11":0,"12":3,"13":1,"14":6,"15":6,"16":0,"17":6,"18":0,"19":6,"20":6,"21":0,"22":6,"23":6,"24":6,"25":6,"26":0,"27":0,"28":0,"29":0,"30":0,"31":0,"32":0,"33":0,"34":0,"35":0,"36":1,"37":1,"38":1,"39":1,"40":1,"41":1,"42":1,"43":4,"44":1,"45":4,"46":4},"f":{"0":4,"1":4,"2":4,"3":1,"4":6,"5":0,"6":0,"7":0,"8":1,"9":1,"10":4},"b":{"0":[0],"1":[0],"2":[0],"3":[6,6],"4":[4,2],"5":[0],"6":[0],"7":[1,0]}}
,"C:\\Users\\joses\\solvd.laba.aliasProject\\src\\services\\userService.ts": {"path":"C:\\Users\\joses\\solvd.laba.aliasProject\\src\\services\\userService.ts","statementMap":{"0":{"start":{"line":1,"column":0},"end":{"line":1,"column":28}},"1":{"start":{"line":2,"column":0},"end":{"line":2,"column":77}},"2":{"start":{"line":3,"column":0},"end":{"line":3,"column":31}},"3":{"start":{"line":5,"column":0},"end":{"line":5,"column":53}},"4":{"start":{"line":7,"column":35},"end":{"line":29,"column":2}},"5":{"start":{"line":7,"column":63},"end":{"line":29,"column":2}},"6":{"start":{"line":9,"column":4},"end":{"line":9,"column":12}},"7":{"start":{"line":11,"column":23},"end":{"line":11,"column":51}},"8":{"start":{"line":12,"column":2},"end":{"line":14,"column":3}},"9":{"start":{"line":13,"column":4},"end":{"line":13,"column":54}},"10":{"start":{"line":15,"column":25},"end":{"line":15,"column":56}},"11":{"start":{"line":16,"column":24},"end":{"line":24,"column":4}},"12":{"start":{"line":26,"column":22},"end":{"line":26,"column":44}},"13":{"start":{"line":28,"column":2},"end":{"line":28,"column":21}},"14":{"start":{"line":7,"column":13},"end":{"line":7,"column":35}},"15":{"start":{"line":31,"column":32},"end":{"line":49,"column":2}},"16":{"start":{"line":31,"column":74},"end":{"line":49,"column":2}},"17":{"start":{"line":32,"column":15},"end":{"line":32,"column":43}},"18":{"start":{"line":33,"column":2},"end":{"line":35,"column":3}},"19":{"start":{"line":34,"column":4},"end":{"line":34,"column":38}},"20":{"start":{"line":37,"column":24},"end":{"line":37,"column":69}},"21":{"start":{"line":38,"column":2},"end":{"line":40,"column":3}},"22":{"start":{"line":39,"column":4},"end":{"line":39,"column":40}},"23":{"start":{"line":42,"column":16},"end":{"line":45,"column":null}},"24":{"start":{"line":48,"column":2},"end":{"line":48,"column":15}},"25":{"start":{"line":31,"column":13},"end":{"line":31,"column":32}}},"fnMap":{"0":{"name":"(anonymous_8)","decl":{"start":{"line":7,"column":35},"end":{"line":7,"column":42}},"loc":{"start":{"line":7,"column":63},"end":{"line":29,"column":2}}},"1":{"name":"(anonymous_9)","decl":{"start":{"line":7,"column":63},"end":{"line":7,"column":null}},"loc":{"start":{"line":7,"column":63},"end":{"line":29,"column":1}}},"2":{"name":"(anonymous_10)","decl":{"start":{"line":31,"column":32},"end":{"line":31,"column":39}},"loc":{"start":{"line":31,"column":74},"end":{"line":49,"column":2}}},"3":{"name":"(anonymous_11)","decl":{"start":{"line":31,"column":74},"end":{"line":31,"column":null}},"loc":{"start":{"line":31,"column":74},"end":{"line":49,"column":1}}}},"branchMap":{"0":{"loc":{"start":{"line":12,"column":2},"end":{"line":14,"column":3}},"type":"if","locations":[{"start":{"line":12,"column":2},"end":{"line":14,"column":3}}]},"1":{"loc":{"start":{"line":33,"column":2},"end":{"line":35,"column":3}},"type":"if","locations":[{"start":{"line":33,"column":2},"end":{"line":35,"column":3}}]},"2":{"loc":{"start":{"line":38,"column":2},"end":{"line":40,"column":3}},"type":"if","locations":[{"start":{"line":38,"column":2},"end":{"line":40,"column":3}}]}},"s":{"0":4,"1":4,"2":4,"3":4,"4":4,"5":6,"6":6,"7":6,"8":6,"9":0,"10":6,"11":6,"12":6,"13":6,"14":4,"15":4,"16":7,"17":7,"18":7,"19":1,"20":6,"21":6,"22":0,"23":6,"24":6,"25":4},"f":{"0":6,"1":6,"2":7,"3":7},"b":{"0":[0],"1":[1],"2":[0]}}
,"C:\\Users\\joses\\solvd.laba.aliasProject\\src\\services\\chat\\constants.ts": {"path":"C:\\Users\\joses\\solvd.laba.aliasProject\\src\\services\\chat\\constants.ts","statementMap":{"0":{"start":{"line":1,"column":13},"end":{"line":1,"column":null}}},"fnMap":{},"branchMap":{},"s":{"0":5},"f":{},"b":{}}
,"C:\\Users\\joses\\solvd.laba.aliasProject\\src\\services\\chat\\disconnect.ts": {"path":"C:\\Users\\joses\\solvd.laba.aliasProject\\src\\services\\chat\\disconnect.ts","statementMap":{"0":{"start":{"line":1,"column":0},"end":{"line":1,"column":70}},"1":{"start":{"line":2,"column":0},"end":{"line":2,"column":42}},"2":{"start":{"line":6,"column":26},"end":{"line":14,"column":1}},"3":{"start":{"line":7,"column":2},"end":{"line":13,"column":4}},"4":{"start":{"line":8,"column":21},"end":{"line":8,"column":47}},"5":{"start":{"line":9,"column":4},"end":{"line":12,"column":73}},"6":{"start":{"line":10,"column":6},"end":{"line":12,"column":73}},"7":{"start":{"line":6,"column":13},"end":{"line":6,"column":26}}},"fnMap":{"0":{"name":"(anonymous_0)","decl":{"start":{"line":6,"column":26},"end":{"line":6,"column":27}},"loc":{"start":{"line":6,"column":45},"end":{"line":14,"column":1}}},"1":{"name":"(anonymous_1)","decl":{"start":{"line":7,"column":9},"end":{"line":7,"column":12}},"loc":{"start":{"line":7,"column":14},"end":{"line":13,"column":3}}}},"branchMap":{"0":{"loc":{"start":{"line":9,"column":4},"end":{"line":12,"column":73}},"type":"if","locations":[{"start":{"line":9,"column":4},"end":{"line":12,"column":73}}]}},"s":{"0":5,"1":5,"2":5,"3":2,"4":2,"5":2,"6":1,"7":5},"f":{"0":2,"1":2},"b":{"0":[1]}}
,"C:\\Users\\joses\\solvd.laba.aliasProject\\src\\services\\chat\\joinRoom.ts": {"path":"C:\\Users\\joses\\solvd.laba.aliasProject\\src\\services\\chat\\joinRoom.ts","statementMap":{"0":{"start":{"line":1,"column":0},"end":{"line":1,"column":70}},"1":{"start":{"line":2,"column":0},"end":{"line":2,"column":42}},"2":{"start":{"line":5,"column":24},"end":{"line":15,"column":1}},"3":{"start":{"line":6,"column":2},"end":{"line":14,"column":4}},"4":{"start":{"line":7,"column":21},"end":{"line":7,"column":47}},"5":{"start":{"line":8,"column":4},"end":{"line":13,"column":5}},"6":{"start":{"line":9,"column":6},"end":{"line":9,"column":49}},"7":{"start":{"line":10,"column":6},"end":{"line":12,"column":75}},"8":{"start":{"line":5,"column":13},"end":{"line":5,"column":24}}},"fnMap":{"0":{"name":"(anonymous_0)","decl":{"start":{"line":5,"column":24},"end":{"line":5,"column":25}},"loc":{"start":{"line":5,"column":43},"end":{"line":15,"column":1}}},"1":{"name":"(anonymous_1)","decl":{"start":{"line":6,"column":9},"end":{"line":6,"column":12}},"loc":{"start":{"line":6,"column":14},"end":{"line":14,"column":3}}}},"branchMap":{"0":{"loc":{"start":{"line":8,"column":4},"end":{"line":13,"column":5}},"type":"if","locations":[{"start":{"line":8,"column":4},"end":{"line":13,"column":5}}]}},"s":{"0":5,"1":5,"2":5,"3":2,"4":2,"5":2,"6":1,"7":1,"8":5},"f":{"0":2,"1":2},"b":{"0":[1]}}
,"C:\\Users\\joses\\solvd.laba.aliasProject\\src\\services\\chat\\leaveRoom.ts": {"path":"C:\\Users\\joses\\solvd.laba.aliasProject\\src\\services\\chat\\leaveRoom.ts","statementMap":{"0":{"start":{"line":1,"column":0},"end":{"line":1,"column":70}},"1":{"start":{"line":2,"column":0},"end":{"line":2,"column":42}},"2":{"start":{"line":5,"column":25},"end":{"line":15,"column":1}},"3":{"start":{"line":6,"column":2},"end":{"line":14,"column":4}},"4":{"start":{"line":7,"column":21},"end":{"line":7,"column":47}},"5":{"start":{"line":8,"column":4},"end":{"line":13,"column":5}},"6":{"start":{"line":9,"column":6},"end":{"line":9,"column":50}},"7":{"start":{"line":10,"column":6},"end":{"line":12,"column":73}},"8":{"start":{"line":5,"column":13},"end":{"line":5,"column":25}}},"fnMap":{"0":{"name":"(anonymous_0)","decl":{"start":{"line":5,"column":25},"end":{"line":5,"column":26}},"loc":{"start":{"line":5,"column":44},"end":{"line":15,"column":1}}},"1":{"name":"(anonymous_1)","decl":{"start":{"line":6,"column":9},"end":{"line":6,"column":12}},"loc":{"start":{"line":6,"column":14},"end":{"line":14,"column":3}}}},"branchMap":{"0":{"loc":{"start":{"line":8,"column":4},"end":{"line":13,"column":5}},"type":"if","locations":[{"start":{"line":8,"column":4},"end":{"line":13,"column":5}}]}},"s":{"0":5,"1":5,"2":5,"3":2,"4":2,"5":2,"6":1,"7":1,"8":5},"f":{"0":2,"1":2},"b":{"0":[1]}}
[...]
6},"end":{"line":72,"column":55}},"26":{"start":{"line":15,"column":13},"end":{"line":15,"column":25}}},"fnMap":{"0":{"name":"(anonymous_0)","decl":{"start":{"line":15,"column":25},"end":{"line":15,"column":26}},"loc":{"start":{"line":15,"column":56},"end":{"line":75,"column":1}}},"1":{"name":"(anonymous_1)","decl":{"start":{"line":17,"column":9},"end":{"line":17,"column":10}},"loc":{"start":{"line":17,"column":25},"end":{"line":74,"column":3}}}},"branchMap":{"0":{"loc":{"start":{"line":23,"column":6},"end":{"line":70,"column":7}},"type":"if","locations":[{"start":{"line":23,"column":6},"end":{"line":70,"column":7}}]},"1":{"loc":{"start":{"line":27,"column":8},"end":{"line":69,"column":9}},"type":"if","locations":[{"start":{"line":27,"column":8},"end":{"line":69,"column":9}}]},"2":{"loc":{"start":{"line":31,"column":10},"end":{"line":36,"column":11}},"type":"if","locations":[{"start":{"line":31,"column":10},"end":{"line":36,"column":11}}]},"3":{"loc":{"start":{"line":32,"column":12},"end":{"line":33,"column":84}},"type":"binary-expr","locations":[{"start":{"line":32,"column":13},"end":{"line":32,"column":61}},{"start":{"line":32,"column":65},"end":{"line":32,"column":85}},{"start":{"line":33,"column":13},"end":{"line":33,"column":60}},{"start":{"line":33,"column":64},"end":{"line":33,"column":83}}]},"4":{"loc":{"start":{"line":39,"column":10},"end":{"line":40,"column":102}},"type":"if","locations":[{"start":{"line":39,"column":10},"end":{"line":40,"column":102}}]},"5":{"loc":{"start":{"line":43,"column":10},"end":{"line":68,"column":11}},"type":"if","locations":[{"start":{"line":43,"column":10},"end":{"line":68,"column":11}},{"start":{"line":63,"column":17},"end":{"line":68,"column":11}}]},"6":{"loc":{"start":{"line":48,"column":12},"end":{"line":56,"column":13}},"type":"if","locations":[{"start":{"line":48,"column":12},"end":{"line":56,"column":13}},{"start":{"line":52,"column":19},"end":{"line":56,"column":13}}]},"7":{"loc":{"start":{"line":49,"column":14},"end":{"line":51,"column":41}},"type":"cond-expr","locations":[{"start":{"line":50,"column":18},"end":{"line":50,"column":41}},{"start":{"line":51,"column":18},"end":{"line":51,"column":41}}]},"8":{"loc":{"start":{"line":53,"column":14},"end":{"line":55,"column":41}},"type":"cond-expr","locations":[{"start":{"line":54,"column":18},"end":{"line":54,"column":41}},{"start":{"line":55,"column":18},"end":{"line":55,"column":41}}]}},"s":{"0":4,"1":4,"2":4,"3":4,"4":4,"5":4,"6":2,"7":2,"8":2,"9":2,"10":2,"11":2,"12":2,"13":1,"14":1,"15":0,"16":1,"17":1,"18":1,"19":1,"20":0,"21":1,"22":1,"23":1,"24":0,"25":1,"26":4},"f":{"0":2,"1":2},"b":{"0":[2],"1":[2],"2":[1],"3":[2,1,1,1],"4":[0],"5":[1,0],"6":[0,1],"7":[0,0],"8":[1,0]}}
,"C:\\Users\\joses\\solvd.laba.aliasProject\\src\\services\\game\\playerReady.ts": {"path":"C:\\Users\\joses\\solvd.laba.aliasProject\\src\\services\\game\\playerReady.ts","statementMap":{"0":{"start":{"line":2,"column":0},"end":{"line":2,"column":58}},"1":{"start":{"line":4,"column":0},"end":{"line":4,"column":41}},"2":{"start":{"line":5,"column":0},"end":{"line":5,"column":56}},"3":{"start":{"line":6,"column":0},"end":{"line":6,"column":88}},"4":{"start":{"line":7,"column":0},"end":{"line":7,"column":70}},"5":{"start":{"line":14,"column":27},"end":{"line":71,"column":1}},"6":{"start":{"line":15,"column":2},"end":{"line":70,"column":4}},"7":{"start":{"line":15,"column":20},"end":{"line":70,"column":4}},"8":{"start":{"line":16,"column":4},"end":{"line":69,"column":5}},"9":{"start":{"line":17,"column":23},"end":{"line":17,"column":49}},"10":{"start":{"line":18,"column":6},"end":{"line":18,"column":27}},"11":{"start":{"line":18,"column":20},"end":{"line":18,"column":27}},"12":{"start":{"line":21,"column":6},"end":{"line":21,"column":35}},"13":{"start":{"line":22,"column":36},"end":{"line":22,"column":74}},"14":{"start":{"line":25,"column":6},"end":{"line":46,"column":7}},"15":{"start":{"line":26,"column":8},"end":{"line":45,"column":11}},"16":{"start":{"line":48,"column":24},"end":{"line":48,"column":50}},"17":{"start":{"line":49,"column":6},"end":{"line":61,"column":7}},"18":{"start":{"line":51,"column":8},"end":{"line":57,"column":9}},"19":{"start":{"line":52,"column":10},"end":{"line":52,"column":51}},"20":{"start":{"line":53,"column":13},"end":{"line":57,"column":9}},"21":{"start":{"line":54,"column":10},"end":{"line":54,"column":51}},"22":{"start":{"line":56,"column":10},"end":{"line":56,"column":62}},"23":{"start":{"line":60,"column":8},"end":{"line":60,"column":46}},"24":{"start":{"line":64,"column":6},"end":{"line":66,"column":76}},"25":{"start":{"line":68,"column":6},"end":{"line":68,"column":53}},"26":{"start":{"line":14,"column":13},"end":{"line":14,"column":27}}},"fnMap":{"0":{"name":"(anonymous_8)","decl":{"start":{"line":14,"column":27},"end":{"line":14,"column":28}},"loc":{"start":{"line":14,"column":46},"end":{"line":71,"column":1}}},"1":{"name":"(anonymous_9)","decl":{"start":{"line":15,"column":9},"end":{"line":15,"column":18}},"loc":{"start":{"line":15,"column":20},"end":{"line":70,"column":4}}},"2":{"name":"(anonymous_10)","decl":{"start":{"line":15,"column":20},"end":{"line":15,"column":null}},"loc":{"start":{"line":15,"column":20},"end":{"line":70,"column":3}}}},"branchMap":{"0":{"loc":{"start":{"line":18,"column":6},"end":{"line":18,"column":27}},"type":"if","locations":[{"start":{"line":18,"column":6},"end":{"line":18,"column":27}}]},"1":{"loc":{"start":{"line":25,"column":6},"end":{"line":46,"column":7}},"type":"if","locations":[{"start":{"line":25,"column":6},"end":{"line":46,"column":7}}]},"2":{"loc":{"start":{"line":49,"column":6},"end":{"line":61,"column":7}},"type":"if","locations":[{"start":{"line":49,"column":6},"end":{"line":61,"column":7}}]},"3":{"loc":{"start":{"line":51,"column":8},"end":{"line":57,"column":9}},"type":"if","locations":[{"start":{"line":51,"column":8},"end":{"line":57,"column":9}},{"start":{"line":53,"column":13},"end":{"line":57,"column":9}}]},"4":{"loc":{"start":{"line":53,"column":13},"end":{"line":57,"column":9}},"type":"if","locations":[{"start":{"line":53,"column":13},"end":{"line":57,"column":9}},{"start":{"line":55,"column":13},"end":{"line":57,"column":9}}]}},"s":{"0":4,"1":4,"2":4,"3":4,"4":4,"5":4,"6":2,"7":2,"8":2,"9":2,"10":2,"11":0,"12":2,"13":1,"14":1,"15":1,"16":1,"17":1,"18":1,"19":1,"20":0,"21":0,"22":0,"23":1,"24":1,"25":1,"26":4},"f":{"0":2,"1":2,"2":2},"b":{"0":[0],"1":[1],"2":[1],"3":[1,0],"4":[0,0]}}
,"C:\\Users\\joses\\solvd.laba.aliasProject\\src\\services\\game\\sendHint.ts": {"path":"C:\\Users\\joses\\solvd.laba.aliasProject\\src\\services\\game\\sendHint.ts","statementMap":{"0":{"start":{"line":2,"column":0},"end":{"line":2,"column":70}},"1":{"start":{"line":3,"column":0},"end":{"line":3,"column":58}},"2":{"start":{"line":5,"column":0},"end":{"line":5,"column":56}},"3":{"start":{"line":6,"column":0},"end":{"line":6,"column":56}},"4":{"start":{"line":7,"column":0},"end":{"line":7,"column":88}},"5":{"start":{"line":14,"column":24},"end":{"line":47,"column":1}},"6":{"start":{"line":15,"column":2},"end":{"line":46,"column":4}},"7":{"start":{"line":17,"column":4},"end":{"line":45,"column":5}},"8":{"start":{"line":19,"column":23},"end":{"line":19,"column":49}},"9":{"start":{"line":21,"column":6},"end":{"line":42,"column":7}},"10":{"start":{"line":23,"column":26},"end":{"line":23,"column":52}},"11":{"start":{"line":25,"column":8},"end":{"line":41,"column":9}},"12":{"start":{"line":28,"column":10},"end":{"line":30,"column":11}},"13":{"start":{"line":29,"column":12},"end":{"line":29,"column":99}},"14":{"start":{"line":33,"column":10},"end":{"line":38,"column":13}},"15":{"start":{"line":34,"column":47},"end":{"line":34,"column":91}},"16":{"start":{"line":35,"column":14},"end":{"line":37,"column":15}},"17":{"start":{"line":36,"column":18},"end":{"line":36,"column":61}},"18":{"start":{"line":40,"column":10},"end":{"line":40,"column":96}},"19":{"start":{"line":44,"column":6},"end":{"line":44,"column":null}},"20":{"start":{"line":14,"column":13},"end":{"line":14,"column":24}}},"fnMap":{"0":{"name":"(anonymous_0)","decl":{"start":{"line":14,"column":24},"end":{"line":14,"column":25}},"loc":{"start":{"line":14,"column":55},"end":{"line":47,"column":1}}},"1":{"name":"(anonymous_1)","decl":{"start":{"line":15,"column":9},"end":{"line":15,"column":10}},"loc":{"start":{"line":15,"column":25},"end":{"line":46,"column":3}}},"2":{"name":"(anonymous_2)","decl":{"start":{"line":33,"column":39},"end":{"line":33,"column":43}},"loc":{"start":{"line":33,"column":46},"end":{"line":38,"column":11}}}},"branchMap":{"0":{"loc":{"start":{"line":21,"column":6},"end":{"line":42,"column":7}},"type":"if","locations":[{"start":{"line":21,"column":6},"end":{"line":42,"column":7}}]},"1":{"loc":{"start":{"line":25,"column":8},"end":{"line":41,"column":9}},"type":"if","locations":[{"start":{"line":25,"column":8},"end":{"line":41,"column":9}}]},"2":{"loc":{"start":{"line":28,"column":10},"end":{"line":30,"column":11}},"type":"if","locations":[{"start":{"line":28,"column":10},"end":{"line":30,"column":11}}]},"3":{"loc":{"start":{"line":35,"column":14},"end":{"line":37,"column":15}},"type":"if","locations":[{"start":{"line":35,"column":14},"end":{"line":37,"column":15}}]},"4":{"loc":{"start":{"line":35,"column":18},"end":{"line":35,"column":72}},"type":"binary-expr","locations":[{"start":{"line":35,"column":18},"end":{"line":35,"column":42}},{"start":{"line":35,"column":46},"end":{"line":35,"column":72}}]}},"s":{"0":4,"1":4,"2":4,"3":4,"4":4,"5":4,"6":3,"7":3,"8":3,"9":3,"10":3,"11":3,"12":3,"13":1,"14":2,"15":3,"16":3,"17":1,"18":1,"19":2,"20":4},"f":{"0":3,"1":3,"2":3},"b":{"0":[3],"1":[3],"2":[1],"3":[1],"4":[3,2]}}
,"C:\\Users\\joses\\solvd.laba.aliasProject\\src\\services\\game\\startGame.ts": {"path":"C:\\Users\\joses\\solvd.laba.aliasProject\\src\\services\\game\\startGame.ts","statementMap":{"0":{"start":{"line":2,"column":0},"end":{"line":2,"column":58}},"1":{"start":{"line":3,"column":0},"end":{"line":3,"column":60}},"2":{"start":{"line":4,"column":0},"end":{"line":4,"column":54}},"3":{"start":{"line":6,"column":0},"end":{"line":6,"column":39}},"4":{"start":{"line":8,"column":0},"end":{"line":8,"column":56}},"5":{"start":{"line":9,"column":0},"end":{"line":9,"column":88}},"6":{"start":{"line":12,"column":25},"end":{"line":122,"column":1}},"7":{"start":{"line":13,"column":2},"end":{"line":121,"column":null}},"8":{"start":{"line":15,"column":4},"end":{"line":120,"column":5}},"9":{"start":{"line":16,"column":24},"end":{"line":16,"column":46}},"10":{"start":{"line":18,"column":6},"end":{"line":117,"column":7}},"11":{"start":{"line":21,"column":8},"end":{"line":23,"column":9}},"12":{"start":{"line":22,"column":10},"end":{"line":22,"column":59}},"13":{"start":{"line":26,"column":33},"end":{"line":55,"column":9}},"14":{"start":{"line":29,"column":10},"end":{"line":54,"column":11}},"15":{"start":{"line":30,"column":12},"end":{"line":30,"column":39}},"16":{"start":{"line":31,"column":12},"end":{"line":31,"column":34}},"17":{"start":{"line":32,"column":12},"end":{"line":35,"column":15}},"18":{"start":{"line":39,"column":12},"end":{"line":39,"column":40}},"19":{"start":{"line":40,"column":12},"end":{"line":40,"column":42}},"20":{"start":{"line":42,"column":12},"end":{"line":44,"column":57}},"21":{"start":{"line":46,"column":12},"end":{"line":46,"column":38}},"22":{"start":{"line":48,"column":12},"end":{"line":50,"column":97}},"23":{"start":{"line":53,"column":12},"end":{"line":53,"column":49}},"24":{"start":{"line":58,"column":26},"end":{"line":96,"column":9}},"25":{"start":{"line":59,"column":10},"end":{"line":95,"column":11}},"26":{"start":{"line":62,"column":12},"end":{"line":62,"column":39}},"27":{"start":{"line":63,"column":12},"end":{"line":63,"column":39}},"28":{"start":{"line":65,"column":12},"end":{"line":65,"column":163}},"29":{"start":{"line":67,"column":31},"end":{"line":74,"column":21}},"30":{"start":{"line":68,"column":14},"end":{"line":68,"column":33}},"31":{"start":{"line":69,"column":14},"end":{"line":72,"column":16}},"32":{"start":{"line":73,"column":14},"end":{"line":73,"column":38}},"33":{"start":{"line":77,"column":29},"end":{"line":91,"column":20}},"34":{"start":{"line":78,"column":14},"end":{"line":90,"column":15}},"35":{"start":{"line":80,"column":16},"end":{"line":80,"column":41}},"36":{"start":{"line":81,"column":16},"end":{"line":81,"column":35}},"37":{"start":{"line":83,"column":16},"end":{"line":86,"column":18}},"38":{"start":{"line":88,"column":16},"end":{"line":88,"column":40}},"39":{"start":{"line":94,"column":12},"end":{"line":94,"column":31}},"40":{"start":{"line":100,"column":8},"end":{"line":100,"column":27}},"41":{"start":{"line":103,"column":26},"end":{"line":105,"column":null}},"42":{"start":{"line":109,"column":8},"end":{"line":116,"column":68}},"43":{"start":{"line":110,"column":10},"end":{"line":110,"column":37}},"44":{"start":{"line":111,"column":10},"end":{"line":114,"column":13}},"45":{"start":{"line":115,"column":10},"end":{"line":115,"column":32}},"46":{"start":{"line":119,"column":6},"end":{"line":119,"column":53}},"47":{"start":{"line":12,"column":13},"end":{"line":12,"column":25}}},"fnMap":{"0":{"name":"(anonymous_0)","decl":{"start":{"line":12,"column":25},"end":{"line":12,"column":26}},"loc":{"start":{"line":12,"column":56},"end":{"line":122,"column":1}}},"1":{"name":"(anonymous_1)","decl":{"start":{"line":13,"column":9},"end":{"line":13,"column":10}},"loc":{"start":{"line":13,"column":27},"end":{"line":121,"column":3}}},"2":{"name":"(anonymous_2)","decl":{"start":{"line":26,"column":33},"end":{"line":26,"column":36}},"loc":{"start":{"line":26,"column":38},"end":{"line":55,"column":9}}},"3":{"name":"(anonymous_3)","decl":{"start":{"line":58,"column":26},"end":{"line":58,"column":29}},"loc":{"start":{"line":58,"column":31},"end":{"line":96,"column":9}}},"4":{"name":"(anonymous_4)","decl":{"start":{"line":67,"column":42},"end":{"line":67,"column":45}},"loc":{"start":{"line":67,"column":47},"end":{"line":74,"column":13}}},"5":{"name":"(anonymous_5)","decl":{"start":{"line":77,"column":41},"end":{"line":77,"column":44}},"loc":{"start":{"line":77,"column":46},"end":{"line":91,"column":13}}},"6":{"name":"(anonymous_6)","decl":{"start":{"line":109,"column":19},"end":{"line":109,"column":22}},"loc":{"start":{"line":109,"column":24},"end":{"line":116,"column":9}}}},"branchMap":{"0":{"loc":{"start":{"line":18,"column":6},"end":{"line":117,"column":7}},"type":"if","locations":[{"start":{"line":18,"column":6},"end":{"line":117,"column":7}}]},"1":{"loc":{"start":{"line":21,"column":8},"end":{"line":23,"column":9}},"type":"if","locations":[{"start":{"line":21,"column":8},"end":{"line":23,"column":9}}]},"2":{"loc":{"start":{"line":21,"column":12},"end":{"line":21,"column":78}},"type":"binary-expr","locations":[{"start":{"line":21,"column":12},"end":{"line":21,"column":43}},{"start":{"line":21,"column":47},"end":{"line":21,"column":78}}]},"3":{"loc":{"start":{"line":29,"column":10},"end":{"line":54,"column":11}},"type":"if","locations":[{"start":{"line":29,"column":10},"end":{"line":54,"column":11}},{"start":{"line":37,"column":17},"end":{"line":54,"column":11}}]},"4":{"loc":{"start":{"line":42,"column":12},"end":{"line":44,"column":56}},"type":"cond-expr","locations":[{"start":{"line":43,"column":17},"end":{"line":43,"column":55}},{"start":{"line":44,"column":17},"end":{"line":44,"column":55}}]},"5":{"loc":{"start":{"line":59,"column":10},"end":{"line":95,"column":11}},"type":"if","locations":[{"start":{"line":59,"column":10},"end":{"line":95,"column":11}},{"start":{"line":93,"column":17},"end":{"line":95,"column":11}}]},"6":{"loc":{"start":{"line":65,"column":53},"end":{"line":65,"column":127}},"type":"cond-expr","locations":[{"start":{"line":65,"column":96},"end":{"line":65,"column":110}},{"start":{"line":65,"column":113},"end":{"line":65,"column":127}}]},"7":{"loc":{"start":{"line":78,"column":14},"end":{"line":90,"column":15}},"type":"if","locations":[{"start":{"line":78,"column":14},"end":{"line":90,"column":15}}]},"8":{"loc":{"start":{"line":78,"column":18},"end":{"line":78,"column":88}},"type":"binary-expr","locations":[{"start":{"line":78,"column":19},"end":{"line":78,"column":38}},{"start":{"line":78,"column":42},"end":{"line":78,"column":63}},{"start":{"line":78,"column":68},"end":{"line":78,"column":88}}]}},"s":{"0":4,"1":4,"2":4,"3":4,"4":4,"5":4,"6":4,"7":0,"8":0,"9":0,"10":0,"11":0,"12":0,"13":0,"14":0,"15":0,"16":0,"17":0,"18":0,"19":0,"20":0,"21":0,"22":0,"23":0,"24":0,"25":0,"26":0,"27":0,"28":0,"29":0,"30":0,"31":0,"32":0,"33":0,"34":0,"35":0,"36":0,"37":0,"38":0,"39":0,"40":0,"41":0,"42":0,"43":0,"44":0,"45":0,"46":0,"47":4},"f":{"0":0,"1":0,"2":0,"3":0,"4":0,"5":0,"6":0},"b":{"0":[0],"1":[0],"2":[0,0],"3":[0,0],"4":[0,0],"5":[0,0],"6":[0,0],"7":[0],"8":[0,0,0]}}
,"C:\\Users\\joses\\solvd.laba.aliasProject\\src\\utils\\wordAlgorithm.ts": {"path":"C:\\Users\\joses\\solvd.laba.aliasProject\\src\\utils\\wordAlgorithm.ts","statementMap":{"0":{"start":{"line":1,"column":0},"end":{"line":1,"column":30}},"1":{"start":{"line":8,"column":4},"end":{"line":8,"column":77}},"2":{"start":{"line":8,"column":31},"end":{"line":8,"column":77}},"3":{"start":{"line":10,"column":4},"end":{"line":10,"column":54}},"4":{"start":{"line":11,"column":4},"end":{"line":11,"column":44}},"5":{"start":{"line":16,"column":21},"end":{"line":19,"column":null}},"6":{"start":{"line":22,"column":31},"end":{"line":22,"column":47}},"7":{"start":{"line":24,"column":4},"end":{"line":24,"column":30}},"8":{"start":{"line":29,"column":4},"end":{"line":29,"column":66}},"9":{"start":{"line":33,"column":4},"end":{"line":33,"column":42}},"10":{"start":{"line":37,"column":33},"end":{"line":37,"column":56}},"11":{"start":{"line":38,"column":34},"end":{"line":38,"column":61}},"12":{"start":{"line":41,"column":4},"end":{"line":42,"column":21}},"13":{"start":{"line":41,"column":55},"end":{"line":41,"column":68}},"14":{"start":{"line":42,"column":9},"end":{"line":42,"column":21}},"15":{"start":{"line":3,"column":0},"end":{"line":3,"column":13}}},"fnMap":{"0":{"name":"(anonymous_1)","decl":{"start":{"line":7,"column":2},"end":{"line":7,"column":14}},"loc":{"start":{"line":7,"column":47},"end":{"line":12,"column":3}}},"1":{"name":"(anonymous_2)","decl":{"start":{"line":15,"column":2},"end":{"line":15,"column":18}},"loc":{"start":{"line":15,"column":18},"end":{"line":25,"column":3}}},"2":{"name":"(anonymous_3)","decl":{"start":{"line":28,"column":2},"end":{"line":28,"column":22}},"loc":{"start":{"line":28,"column":22},"end":{"line":30,"column":3}}},"3":{"name":"(anonymous_4)","decl":{"start":{"line":32,"column":2},"end":{"line":32,"column":12}},"loc":{"start":{"line":32,"column":12},"end":{"line":34,"column":3}}},"4":{"name":"(anonymous_5)","decl":{"start":{"line":36,"column":2},"end":{"line":36,"column":13}},"loc":{"start":{"line":36,"column":13},"end":{"line":43,"column":3}}}},"branchMap":{"0":{"loc":{"start":{"line":8,"column":4},"end":{"line":8,"column":77}},"type":"if","locations":[{"start":{"line":8,"column":4},"end":{"line":8,"column":77}}]},"1":{"loc":{"start":{"line":8,"column":8},"end":{"line":8,"column":29}},"type":"binary-expr","locations":[{"start":{"line":8,"column":8},"end":{"line":8,"column":19}},{"start":{"line":8,"column":23},"end":{"line":8,"column":29}}]},"2":{"loc":{"start":{"line":41,"column":4},"end":{"line":42,"column":21}},"type":"if","locations":[{"start":{"line":41,"column":4},"end":{"line":42,"column":21}},{"start":{"line":42,"column":9},"end":{"line":42,"column":21}}]},"3":{"loc":{"start":{"line":41,"column":8},"end":{"line":41,"column":53}},"type":"binary-expr","locations":[{"start":{"line":41,"column":8},"end":{"line":41,"column":28}},{"start":{"line":41,"column":32},"end":{"line":41,"column":53}}]}},"s":{"0":4,"1":3,"2":0,"3":3,"4":3,"5":2,"6":2,"7":2,"8":2,"9":3,"10":2,"11":2,"12":2,"13":0,"14":2,"15":4},"f":{"0":3,"1":2,"2":2,"3":3,"4":2},"b":{"0":[0],"1":[3,3],"2":[0,2],"3":[2,2]}}
}
