TN:
SF:src\app.ts
FN:42,(anonymous_1)
FNF:1
FNH:1
FNDA:4,(anonymous_1)
DA:1,4
DA:2,4
DA:3,4
DA:4,4
DA:5,4
DA:6,4
DA:7,4
DA:8,4
DA:9,4
DA:10,4
DA:11,4
DA:12,4
DA:13,4
DA:15,4
DA:17,4
DA:18,4
DA:20,4
DA:21,4
DA:22,4
DA:23,4
DA:24,4
DA:25,4
DA:27,4
DA:29,4
DA:30,4
DA:32,4
DA:34,4
DA:36,4
DA:38,4
DA:39,4
DA:40,4
DA:42,4
DA:43,4
LF:33
LH:33
BRDA:27,0,0,4
BRDA:27,0,1,0
BRF:2
BRH:1
end_of_record
TN:
SF:src\controllers\chatMessageController.ts
FN:7,(anonymous_8)
FN:11,(anonymous_9)
FN:15,(anonymous_10)
FN:25,(anonymous_11)
FN:29,(anonymous_12)
FN:38,(anonymous_13)
FN:42,(anonymous_14)
FN:51,(anonymous_15)
FN:55,(anonymous_16)
FNF:9
FNH:9
FNDA:5,(anonymous_8)
FNDA:2,(anonymous_9)
FNDA:2,(anonymous_10)
FNDA:2,(anonymous_11)
FNDA:2,(anonymous_12)
FNDA:2,(anonymous_13)
FNDA:2,(anonymous_14)
FNDA:2,(anonymous_15)
FNDA:2,(anonymous_16)
DA:2,5
DA:8,5
DA:11,5
DA:15,2
DA:16,2
DA:17,2
DA:18,1
DA:20,1
DA:25,5
DA:29,2
DA:30,2
DA:31,2
DA:32,1
DA:34,1
DA:38,5
DA:42,2
DA:43,2
DA:44,2
DA:45,1
DA:47,1
DA:51,5
DA:55,2
DA:56,2
DA:57,2
DA:58,1
DA:60,1
DA:65,5
LF:27
LH:27
BRF:0
BRH:0
end_of_record
TN:
SF:src\controllers\roomController.ts
FN:10,(anonymous_8)
FN:17,(anonymous_9)
FN:21,(anonymous_10)
FN:36,(anonymous_11)
FN:40,(anonymous_12)
FN:50,(anonymous_13)
FN:54,(anonymous_14)
FN:66,(anonymous_15)
FN:66,(anonymous_16)
FN:83,(anonymous_17)
FN:83,(anonymous_18)
FNF:11
FNH:11
FNDA:4,(anonymous_8)
FNDA:4,(anonymous_9)
FNDA:4,(anonymous_10)
FNDA:3,(anonymous_11)
FNDA:3,(anonymous_12)
FNDA:1,(anonymous_13)
FNDA:1,(anonymous_14)
FNDA:6,(anonymous_15)
FNDA:6,(anonymous_16)
FNDA:4,(anonymous_17)
FNDA:4,(anonymous_18)
DA:3,4
DA:5,4
DA:11,4
DA:17,4
DA:21,4
DA:22,4
DA:23,4
DA:27,4
DA:29,0
DA:36,4
DA:40,3
DA:41,3
DA:42,3
DA:44,2
DA:46,1
DA:50,4
DA:54,1
DA:55,1
DA:56,1
DA:57,1
DA:59,0
DA:66,6
DA:67,6
DA:68,6
DA:73,6
DA:77,6
DA:79,0
DA:83,4
DA:84,4
DA:85,4
DA:86,4
DA:87,4
DA:89,4
DA:90,4
DA:91,0
DA:93,4
DA:94,1
DA:96,3
DA:97,2
DA:99,1
DA:105,1
DA:107,3
DA:112,4
LF:43
LH:39
BRDA:85,0,0,4
BRDA:85,0,1,3
BRDA:86,1,0,4
BRDA:86,1,1,3
BRDA:87,2,0,4
BRDA:87,2,1,3
BRDA:90,3,0,0
BRDA:93,4,0,1
BRDA:93,5,0,4
BRDA:93,5,1,1
BRDA:96,6,0,2
BRDA:96,7,0,3
BRDA:96,7,1,2
BRF:13
BRH:12
end_of_record
TN:
SF:src\controllers\userController.ts
FN:6,(anonymous_7)
FN:10,(anonymous_8)
FN:23,(anonymous_9)
FN:27,(anonymous_10)
FNF:4
FNH:4
FNDA:7,(anonymous_7)
FNDA:7,(anonymous_8)
FNDA:7,(anonymous_9)
FNDA:7,(anonymous_10)
DA:1,4
DA:4,4
DA:6,4
DA:10,7
DA:11,7
DA:12,7
DA:13,1
DA:14,6
DA:15,6
DA:16,6
DA:17,6
DA:19,0
DA:23,4
DA:27,7
DA:28,7
DA:29,7
DA:30,0
DA:31,7
DA:32,7
DA:33,7
DA:34,6
DA:36,1
LF:22
LH:20
BRDA:12,0,0,1
BRDA:29,1,0,0
BRF:2
BRH:1
end_of_record
TN:
SF:src\db\couchDb.ts
FN:17,createDatabase
FN:18,(anonymous_10)
FNF:2
FNH:2
FNDA:18,createDatabase
FNDA:3,(anonymous_10)
DA:1,6
DA:2,6
DA:5,6
DA:9,6
DA:11,6
DA:18,18
DA:19,3
DA:20,3
DA:22,0
DA:26,12
DA:28,3
DA:31,12
DA:34,6
LF:13
LH:12
BRDA:5,0,0,6
BRDA:5,0,1,0
BRDA:5,1,0,6
BRDA:5,1,1,0
BRDA:5,2,0,6
BRDA:5,2,1,6
BRDA:19,3,0,3
BRDA:19,3,1,0
BRDA:26,4,0,3
BRF:9
BRH:6
end_of_record
TN:
SF:src\dtos\GameRoomDto.ts
FN:18,(anonymous_0)
FNF:1
FNH:1
FNDA:4,(anonymous_0)
DA:4,4
DA:25,4
DA:26,4
DA:27,4
DA:28,4
DA:29,4
DA:30,4
DA:31,4
DA:32,4
DA:33,4
DA:34,4
DA:35,4
DA:36,4
LF:13
LH:13
BRF:0
BRH:0
end_of_record
TN:
SF:src\dtos\StoredRoom.ts
FN:17,(anonymous_0)
FNF:1
FNH:1
FNDA:25,(anonymous_0)
DA:3,4
DA:18,25
DA:19,24
DA:20,24
DA:21,24
DA:22,24
DA:23,24
DA:24,24
DA:25,24
DA:26,24
DA:27,24
DA:28,24
DA:29,24
LF:13
LH:13
BRF:0
BRH:0
end_of_record
TN:
SF:src\helpers\CustomError.ts
FN:13,(anonymous_0)
FNF:1
FNH:1
FNDA:8,(anonymous_0)
DA:1,8
DA:14,8
DA:15,8
LF:3
LH:3
BRDA:14,0,0,8
BRDA:14,0,1,0
BRDA:15,1,0,8
BRDA:15,1,1,0
BRF:4
BRH:2
end_of_record
TN:
SF:src\helpers\finishGame.ts
FN:5,(anonymous_1)
FNF:1
FNH:0
FNDA:0,(anonymous_1)
DA:2,4
DA:3,4
DA:4,4
DA:5,4
DA:7,0
DA:9,0
DA:10,0
DA:11,0
DA:13,0
DA:14,0
LF:10
LH:4
BRF:0
BRH:0
end_of_record
TN:
SF:src\helpers\getUniqueWord.ts
FN:12,(anonymous_1)
FNF:1
FNH:1
FNDA:487,(anonymous_1)
DA:1,5
DA:2,5
DA:12,5
DA:13,487
DA:14,487
DA:16,487
DA:18,487
DA:20,2905
DA:21,2905
DA:22,1
DA:25,2904
DA:30,2904
DA:34,2904
DA:37,2904
DA:40,2653
DA:43,486
DA:46,486
LF:17
LH:17
BRDA:21,0,0,1
BRDA:37,1,0,251
BRDA:40,2,0,2167
BRF:3
BRH:3
end_of_record
TN:
SF:src\helpers\sendNewWordTo.ts
FN:7,(anonymous_0)
FNF:1
FNH:1
FNDA:1,(anonymous_0)
DA:3,4
DA:4,4
DA:7,4
DA:13,1
DA:16,1
DA:18,1
DA:22,1
DA:23,1
DA:27,1
DA:28,0
DA:29,0
DA:32,1
DA:33,1
DA:34,1
DA:39,1
DA:40,1
DA:42,1
DA:43,1
DA:45,0
LF:19
LH:16
BRDA:11,0,0,0
BRDA:13,1,0,1
BRDA:13,2,0,1
BRDA:13,2,1,0
BRDA:22,3,0,1
BRDA:27,4,0,0
BRDA:33,5,0,1
BRDA:42,6,0,1
BRDA:42,6,1,0
BRF:9
BRH:5
end_of_record
TN:
SF:src\middlewares\UserValidator\userValidator.ts
FNF:0
FNH:0
DA:1,4
DA:3,4
DA:15,4
LF:3
LH:3
BRF:0
BRH:0
end_of_record
TN:
SF:src\middlewares\auth\authMiddleware.ts
FN:6,(anonymous_1)
FN:22,(anonymous_2)
FNF:2
FNH:2
FNDA:18,(anonymous_1)
FNDA:18,(anonymous_2)
DA:2,4
DA:3,4
DA:6,4
DA:13,18
DA:15,18
DA:16,0
DA:19,18
DA:23,18
DA:24,0
DA:27,18
DA:29,18
DA:30,18
DA:31,18
DA:33,18
LF:14
LH:12
BRDA:13,0,0,0
BRDA:13,0,1,18
BRDA:13,1,0,18
BRDA:13,1,1,18
BRDA:15,2,0,0
BRDA:23,3,0,0
BRF:6
BRH:3
end_of_record
TN:
SF:src\middlewares\auth\authSocket.ts
FN:9,(anonymous_1)
FN:26,(anonymous_2)
FNF:2
FNH:2
FNDA:2,(anonymous_1)
FNDA:2,(anonymous_2)
DA:2,4
DA:3,4
DA:5,4
DA:6,4
DA:9,4
DA:11,2
DA:12,2
DA:15,2
DA:16,0
DA:23,2
DA:27,2
DA:29,1
DA:36,1
DA:37,1
DA:41,1
DA:46,1
LF:16
LH:15
BRDA:11,0,0,0
BRDA:11,0,1,2
BRDA:11,1,0,2
BRDA:11,1,1,2
BRDA:15,2,0,0
BRDA:27,3,0,1
BRDA:27,3,1,1
BRDA:27,4,0,2
BRDA:27,4,1,1
BRF:9
BRH:7
end_of_record
TN:
SF:src\middlewares\errorHandlers\expressErrorHandler.ts
FN:14,(anonymous_0)
FNF:1
FNH:1
FNDA:5,(anonymous_0)
DA:3,4
DA:4,4
DA:14,4
DA:21,5
DA:23,0
DA:34,5
DA:42,5
DA:44,3
DA:47,2
DA:53,4
LF:10
LH:9
BRDA:21,0,0,0
BRDA:21,0,1,5
BRDA:25,1,0,0
BRDA:25,1,1,0
BRDA:36,2,0,5
BRDA:36,2,1,2
BRDA:42,3,0,3
BRDA:42,3,1,2
BRF:8
BRH:5
end_of_record
TN:
SF:src\middlewares\errorHandlers\socketErrorHandler.ts
FN:12,(anonymous_0)
FNF:1
FNH:1
FNDA:5,(anonymous_0)
DA:1,5
DA:3,5
DA:12,5
DA:14,5
DA:16,0
DA:25,5
DA:33,5
DA:35,4
DA:38,1
DA:47,5
LF:10
LH:9
BRDA:14,0,0,0
BRDA:14,0,1,5
BRDA:18,1,0,0
BRDA:18,1,1,0
BRDA:27,2,0,5
BRDA:27,2,1,1
BRDA:33,3,0,4
BRDA:33,3,1,1
BRF:8
BRH:5
end_of_record
TN:
SF:src\middlewares\validateBody\index.ts
FN:4,(anonymous_1)
FN:19,(anonymous_2)
FN:20,(anonymous_3)
FN:36,(anonymous_4)
FNF:4
FNH:3
FNDA:10,(anonymous_1)
FNDA:8,(anonymous_2)
FNDA:10,(anonymous_3)
FNDA:0,(anonymous_4)
DA:2,4
DA:4,4
DA:5,10
DA:6,10
DA:8,10
DA:9,0
DA:19,4
DA:20,8
DA:21,10
DA:22,10
DA:24,0
DA:36,4
DA:40,0
LF:13
LH:10
BRDA:8,0,0,10
BRDA:21,1,0,10
BRDA:21,1,1,0
BRDA:40,2,0,0
BRF:4
BRH:2
end_of_record
TN:
SF:src\middlewares\validateBody\schemas\gameJoinRoomSchema.ts
FNF:0
FNH:0
DA:4,4
LF:1
LH:1
BRF:0
BRH:0
end_of_record
TN:
SF:src\middlewares\validateBody\schemas\gameRoomSchema.ts
FNF:0
FNH:0
DA:4,4
LF:1
LH:1
BRF:0
BRH:0
end_of_record
TN:
SF:src\repositories\messageRepository.ts
FN:5,(anonymous_7)
FN:11,(anonymous_9)
FN:21,(anonymous_11)
FN:29,(anonymous_13)
FN:39,(anonymous_15)
FNF:5
FNH:0
FNDA:0,(anonymous_7)
FNDA:0,(anonymous_9)
FNDA:0,(anonymous_11)
FNDA:0,(anonymous_13)
FNDA:0,(anonymous_15)
DA:2,6
DA:4,6
DA:6,0
DA:8,0
DA:12,0
DA:13,0
DA:18,0
DA:22,0
DA:23,0
DA:26,0
DA:30,0
DA:31,0
DA:36,0
DA:40,0
DA:41,0
DA:46,0
DA:50,6
LF:17
LH:3
BRF:0
BRH:0
end_of_record
TN:
SF:src\repositories\roomRepository.ts
FN:8,(anonymous_7)
FN:13,(anonymous_9)
FN:25,(anonymous_11)
FN:31,(anonymous_13)
FN:36,(anonymous_14)
FN:41,(anonymous_16)
FN:46,(anonymous_18)
FN:51,(anonymous_20)
FNF:8
FNH:7
FNDA:4,(anonymous_7)
FNDA:21,(anonymous_9)
FNDA:1,(anonymous_11)
FNDA:4,(anonymous_13)
FNDA:6,(anonymous_14)
FNDA:0,(anonymous_16)
FNDA:1,(anonymous_18)
FNDA:1,(anonymous_20)
DA:2,4
DA:5,4
DA:9,4
DA:10,4
DA:14,21
DA:15,21
DA:20,21
DA:21,21
DA:22,20
DA:26,1
DA:27,1
DA:30,1
DA:31,4
DA:33,1
DA:37,6
DA:38,6
DA:42,0
DA:43,0
DA:47,1
DA:48,1
DA:52,1
DA:54,1
DA:74,1
DA:77,4
DA:78,4
LF:25
LH:23
BRF:0
BRH:0
end_of_record
TN:
SF:src\repositories\userRepository.ts
FN:6,(anonymous_7)
FN:6,(anonymous_8)
FN:42,(anonymous_9)
FN:42,(anonymous_10)
FNF:4
FNH:4
FNDA:6,(anonymous_7)
FNDA:6,(anonymous_8)
FNDA:13,(anonymous_9)
FNDA:13,(anonymous_10)
DA:1,4
DA:6,6
DA:15,6
DA:17,6
DA:28,6
DA:32,6
DA:33,6
DA:35,6
DA:37,0
DA:38,0
DA:42,13
DA:43,13
DA:51,13
LF:13
LH:11
BRF:0
BRH:0
end_of_record
TN:
SF:src\repositories\inMemory\onlineUsers.ts
FNF:0
FNH:0
DA:3,5
LF:1
LH:1
BRF:0
BRH:0
end_of_record
TN:
SF:src\repositories\inMemory\rooms.ts
FNF:0
FNH:0
DA:2,4
LF:1
LH:1
BRF:0
BRH:0
end_of_record
TN:
SF:src\routes\chat.ts
FN:13,(anonymous_1)
FN:20,(anonymous_2)
FN:27,(anonymous_3)
FNF:3
FNH:0
FNDA:0,(anonymous_1)
FNDA:0,(anonymous_2)
FNDA:0,(anonymous_3)
DA:1,4
DA:2,4
DA:3,4
DA:7,4
DA:9,4
DA:10,4
DA:13,4
DA:15,0
DA:17,0
DA:20,4
DA:21,0
DA:23,0
DA:27,4
DA:28,0
DA:31,4
LF:15
LH:10
BRF:0
BRH:0
end_of_record
TN:
SF:src\routes\index.ts
FN:6,(anonymous_0)
FNF:1
FNH:0
FNDA:0,(anonymous_0)
DA:1,4
DA:2,4
DA:4,4
DA:6,4
DA:7,0
DA:10,4
LF:6
LH:5
BRF:0
BRH:0
end_of_record
TN:
SF:src\routes\roomRoutes.ts
FNF:0
FNH:0
DA:1,4
DA:2,4
DA:3,4
DA:4,4
DA:5,4
DA:7,4
DA:9,4
DA:10,4
DA:11,4
DA:12,4
DA:14,4
DA:16,4
LF:12
LH:12
BRF:0
BRH:0
end_of_record
TN:
SF:src\routes\userRoutes.ts
FNF:0
FNH:0
DA:1,4
DA:2,4
DA:3,4
DA:8,4
DA:10,4
DA:11,4
DA:13,4
LF:7
LH:7
BRF:0
BRH:0
end_of_record
TN:
SF:src\routes\socketRoutes\chatRoutes.ts
FN:7,(anonymous_0)
FN:8,(anonymous_1)
FNF:2
FNH:1
FNDA:4,(anonymous_0)
FNDA:0,(anonymous_1)
DA:1,4
DA:2,4
DA:3,4
DA:4,4
DA:7,4
DA:8,4
DA:10,0
DA:13,0
DA:16,0
DA:19,0
LF:10
LH:6
BRF:0
BRH:0
end_of_record
TN:
SF:src\routes\socketRoutes\gameRoutes.ts
FN:8,(anonymous_0)
FN:9,(anonymous_1)
FNF:2
FNH:1
FNDA:4,(anonymous_0)
FNDA:0,(anonymous_1)
DA:2,4
DA:3,4
DA:4,4
DA:5,4
DA:6,4
DA:8,4
DA:9,4
DA:12,0
DA:15,0
DA:18,0
DA:21,0
DA:24,0
LF:12
LH:7
BRF:0
BRH:0
end_of_record
TN:
SF:src\services\chatMessageService.ts
FN:10,(anonymous_8)
FN:14,(anonymous_9)
FN:28,(anonymous_11)
FN:36,(anonymous_13)
FN:40,(anonymous_15)
FN:49,(anonymous_17)
FNF:6
FNH:1
FNDA:6,(anonymous_8)
FNDA:0,(anonymous_9)
FNDA:0,(anonymous_11)
FNDA:0,(anonymous_13)
FNDA:0,(anonymous_15)
FNDA:0,(anonymous_17)
DA:1,6
DA:3,6
DA:4,6
DA:7,6
DA:11,6
DA:15,0
DA:23,0
DA:25,0
DA:29,0
DA:30,0
DA:31,0
DA:33,0
DA:37,0
DA:41,0
DA:43,0
DA:44,0
DA:46,0
DA:50,0
DA:51,0
DA:52,0
DA:54,0
DA:58,6
LF:22
LH:6
BRDA:30,0,0,0
BRDA:43,1,0,0
BRDA:51,2,0,0
BRF:3
BRH:0
end_of_record
TN:
SF:src\services\roomService.ts
FN:12,(anonymous_8)
FN:16,(anonymous_9)
FN:31,(anonymous_11)
FN:37,(anonymous_13)
FN:41,(anonymous_15)
FN:79,(anonymous_17)
FN:92,(anonymous_19)
FN:97,(anonymous_20)
FN:104,(anonymous_21)
FN:114,(anonymous_23)
FN:125,(anonymous_25)
FNF:11
FNH:8
FNDA:4,(anonymous_8)
FNDA:4,(anonymous_9)
FNDA:4,(anonymous_11)
FNDA:1,(anonymous_13)
FNDA:6,(anonymous_15)
FNDA:0,(anonymous_17)
FNDA:0,(anonymous_19)
FNDA:0,(anonymous_20)
FNDA:1,(anonymous_21)
FNDA:1,(anonymous_23)
FNDA:4,(anonymous_25)
DA:4,4
DA:5,4
DA:6,4
DA:7,4
DA:13,4
DA:17,4
DA:18,4
DA:26,4
DA:28,4
DA:32,4
DA:33,3
DA:34,3
DA:38,1
DA:45,6
DA:47,6
DA:48,0
DA:52,6
DA:56,0
DA:59,6
DA:62,6
DA:63,0
DA:66,6
DA:68,6
DA:69,6
DA:71,6
DA:82,0
DA:84,0
DA:86,0
DA:87,0
DA:91,0
DA:92,0
DA:96,0
DA:97,0
DA:100,0
DA:101,0
DA:108,1
DA:109,1
DA:110,1
DA:111,1
DA:120,1
DA:122,1
DA:124,1
DA:126,4
DA:130,1
DA:136,4
DA:137,4
LF:46
LH:33
BRDA:33,0,0,0
BRDA:47,1,0,0
BRDA:52,2,0,0
BRDA:53,3,0,6
BRDA:53,3,1,6
BRDA:59,4,0,4
BRDA:59,4,1,2
BRDA:62,5,0,0
BRDA:86,6,0,0
BRDA:122,7,0,1
BRDA:122,7,1,0
BRF:11
BRH:5
end_of_record
TN:
SF:src\services\userService.ts
FN:7,(anonymous_8)
FN:7,(anonymous_9)
FN:31,(anonymous_10)
FN:31,(anonymous_11)
FNF:4
FNH:4
FNDA:6,(anonymous_8)
FNDA:6,(anonymous_9)
FNDA:7,(anonymous_10)
FNDA:7,(anonymous_11)
DA:1,4
DA:2,4
DA:3,4
DA:5,4
DA:7,6
DA:9,6
DA:11,6
DA:12,6
DA:13,0
DA:15,6
DA:16,6
DA:26,6
DA:28,6
DA:31,7
DA:32,7
DA:33,7
DA:34,1
DA:37,6
DA:38,6
DA:39,0
DA:42,6
DA:48,6
LF:22
LH:20
BRDA:12,0,0,0
BRDA:33,1,0,1
BRDA:38,2,0,0
BRF:3
BRH:1
end_of_record
TN:
SF:src\services\chat\constants.ts
FNF:0
FNH:0
DA:1,5
LF:1
LH:1
BRF:0
BRH:0
end_of_record
TN:
SF:src\services\chat\disconnect.ts
FN:6,(anonymous_0)
FN:7,(anonymous_1)
FNF:2
FNH:2
FNDA:2,(anonymous_0)
FNDA:2,(anonymous_1)
DA:1,5
DA:2,5
DA:6,5
DA:7,2
DA:8,2
DA:9,2
DA:10,1
LF:7
LH:7
BRDA:9,0,0,1
BRF:1
BRH:1
end_of_record
TN:
SF:src\services\chat\joinRoom.ts
FN:5,(anonymous_0)
FN:6,(anonymous_1)
FNF:2
FNH:2
FNDA:2,(anonymous_0)
FNDA:2,(anonymous_1)
DA:1,5
DA:2,5
DA:5,5
DA:6,2
DA:7,2
DA:8,2
DA:9,1
DA:10,1
LF:8
LH:8
BRDA:8,0,0,1
BRF:1
BRH:1
end_of_record
TN:
SF:src\services\chat\leaveRoom.ts
FN:5,(anonymous_0)
FN:6,(anonymous_1)
FNF:2
FNH:2
FNDA:2,(anonymous_0)
FNDA:2,(anonymous_1)
DA:1,5
DA:2,5
DA:5,5
DA:6,2
DA:7,2
DA:8,2
DA:9,1
DA:10,1
LF:8
LH:8
BRDA:8,0,0,1
BRF:1
BRH:1
end_of_record
TN:
SF:src\services\chat\sendMessage.ts
FN:12,(anonymous_8)
FN:13,(anonymous_9)
FN:13,(anonymous_10)
FNF:3
FNH:3
FNDA:2,(anonymous_8)
FNDA:2,(anonymous_9)
FNDA:2,(anonymous_10)
DA:1,5
DA:6,5
DA:8,5
DA:9,5
DA:10,5
DA:12,5
DA:13,2
DA:14,2
DA:15,2
DA:16,2
DA:17,1
DA:24,1
DA:25,1
DA:28,0
LF:14
LH:13
BRDA:16,0,0,1
BRDA:16,1,0,2
BRDA:16,1,1,1
BRF:3
BRH:3
end_of_record
TN:
SF:src\services\game\disconnect.ts
FN:6,(anonymous_0)
FN:8,(anonymous_1)
FNF:2
FNH:2
FNDA:2,(anonymous_0)
FNDA:2,(anonymous_1)
DA:2,4
DA:3,4
DA:6,4
DA:8,2
DA:11,2
DA:13,2
DA:15,2
DA:18,2
DA:19,2
DA:22,2
DA:23,2
DA:25,2
DA:26,1
DA:28,1
DA:29,2
LF:15
LH:15
BRDA:13,0,0,2
BRDA:23,1,0,2
BRDA:25,2,0,1
BRDA:25,2,1,1
BRF:4
BRH:4
end_of_record
TN:
SF:src\services\game\guessWord.ts
FN:15,(anonymous_0)
FN:17,(anonymous_1)
FNF:2
FNH:2
FNDA:2,(anonymous_0)
FNDA:2,(anonymous_1)
DA:2,4
DA:3,4
DA:4,4
DA:7,4
DA:8,4
DA:15,4
DA:17,2
DA:19,2
DA:21,2
DA:23,2
DA:25,2
DA:27,2
DA:31,2
DA:35,1
DA:39,1
DA:40,0
DA:43,1
DA:44,1
DA:45,1
DA:48,1
DA:49,0
DA:53,1
DA:58,1
DA:61,1
DA:65,0
DA:72,1
LF:26
LH:23
BRDA:23,0,0,2
BRDA:27,1,0,2
BRDA:31,2,0,1
BRDA:32,3,0,2
BRDA:32,3,1,1
BRDA:32,3,2,1
BRDA:32,3,3,1
BRDA:39,4,0,0
BRDA:43,5,0,1
BRDA:43,5,1,0
BRDA:48,6,0,0
BRDA:48,6,1,1
BRDA:49,7,0,0
BRDA:49,7,1,0
BRDA:53,8,0,1
BRDA:53,8,1,0
BRF:16
BRH:10
end_of_record
TN:
SF:src\services\game\playerReady.ts
FN:14,(anonymous_8)
FN:15,(anonymous_9)
FN:15,(anonymous_10)
FNF:3
FNH:3
FNDA:2,(anonymous_8)
FNDA:2,(anonymous_9)
FNDA:2,(anonymous_10)
DA:2,4
DA:4,4
DA:5,4
DA:6,4
DA:7,4
DA:14,4
DA:15,2
DA:16,2
DA:17,2
DA:18,2
DA:21,2
DA:22,1
DA:25,1
DA:26,1
DA:48,1
DA:49,1
DA:51,1
DA:52,1
DA:53,0
DA:54,0
DA:56,0
DA:60,1
DA:64,1
DA:68,1
LF:24
LH:21
BRDA:18,0,0,0
BRDA:25,1,0,1
BRDA:49,2,0,1
BRDA:51,3,0,1
BRDA:51,3,1,0
BRDA:53,4,0,0
BRDA:53,4,1,0
BRF:7
BRH:3
end_of_record
TN:
SF:src\services\game\sendHint.ts
FN:14,(anonymous_0)
FN:15,(anonymous_1)
FN:33,(anonymous_2)
FNF:3
FNH:3
FNDA:3,(anonymous_0)
FNDA:3,(anonymous_1)
FNDA:3,(anonymous_2)
DA:2,4
DA:3,4
DA:5,4
DA:6,4
DA:7,4
DA:14,4
DA:15,3
DA:17,3
DA:19,3
DA:21,3
DA:23,3
DA:25,3
DA:28,3
DA:29,1
DA:33,2
DA:34,3
DA:35,3
DA:36,1
DA:40,1
DA:44,2
LF:20
LH:20
BRDA:21,0,0,3
BRDA:25,1,0,3
BRDA:28,2,0,1
BRDA:35,3,0,1
BRDA:35,4,0,3
BRDA:35,4,1,2
BRF:6
BRH:6
end_of_record
TN:
SF:src\services\game\startGame.ts
FN:12,(anonymous_0)
FN:13,(anonymous_1)
FN:26,(anonymous_2)
FN:58,(anonymous_3)
FN:67,(anonymous_4)
FN:77,(anonymous_5)
FN:109,(anonymous_6)
FNF:7
FNH:0
FNDA:0,(anonymous_0)
FNDA:0,(anonymous_1)
FNDA:0,(anonymous_2)
FNDA:0,(anonymous_3)
FNDA:0,(anonymous_4)
FNDA:0,(anonymous_5)
FNDA:0,(anonymous_6)
DA:2,4
DA:3,4
DA:4,4
DA:6,4
DA:8,4
DA:9,4
DA:12,4
DA:13,0
DA:15,0
DA:16,0
DA:18,0
DA:21,0
DA:22,0
DA:26,0
DA:29,0
DA:30,0
DA:31,0
DA:32,0
DA:39,0
DA:40,0
DA:42,0
DA:46,0
DA:48,0
DA:53,0
DA:58,0
DA:59,0
DA:62,0
DA:63,0
DA:65,0
DA:67,0
DA:68,0
DA:69,0
DA:73,0
DA:77,0
DA:78,0
DA:80,0
DA:81,0
DA:83,0
DA:88,0
DA:94,0
DA:100,0
DA:103,0
DA:109,0
DA:110,0
DA:111,0
DA:115,0
DA:119,0
LF:47
LH:7
BRDA:18,0,0,0
BRDA:21,1,0,0
BRDA:21,2,0,0
BRDA:21,2,1,0
BRDA:29,3,0,0
BRDA:29,3,1,0
BRDA:42,4,0,0
BRDA:42,4,1,0
BRDA:59,5,0,0
BRDA:59,5,1,0
BRDA:65,6,0,0
BRDA:65,6,1,0
BRDA:78,7,0,0
BRDA:78,8,0,0
BRDA:78,8,1,0
BRDA:78,8,2,0
BRF:16
BRH:0
end_of_record
TN:
SF:src\utils\wordAlgorithm.ts
FN:7,(anonymous_1)
FN:15,(anonymous_2)
FN:28,(anonymous_3)
FN:32,(anonymous_4)
FN:36,(anonymous_5)
FNF:5
FNH:5
FNDA:3,(anonymous_1)
FNDA:2,(anonymous_2)
FNDA:2,(anonymous_3)
FNDA:3,(anonymous_4)
FNDA:2,(anonymous_5)
DA:1,4
DA:3,4
DA:8,3
DA:10,3
DA:11,3
DA:16,2
DA:22,2
DA:24,2
DA:29,2
DA:33,3
DA:37,2
DA:38,2
DA:41,2
DA:42,2
LF:14
LH:14
BRDA:8,0,0,0
BRDA:8,1,0,3
BRDA:8,1,1,3
BRDA:41,2,0,0
BRDA:41,2,1,2
BRDA:41,3,0,2
BRDA:41,3,1,2
BRF:7
BRH:5
end_of_record
